2025-03-01 22:13:26,494+0000 INFO  [quartz-10-thread-4]  *SYSTEM org.sonatype.nexus.repository.content.tasks.normalize.NormalizeComponentVersionTask - Task information:
2025-03-01 22:13:26,498+0000 INFO  [quartz-10-thread-4]  *SYSTEM org.sonatype.nexus.repository.content.tasks.normalize.NormalizeComponentVersionTask -  ID: 94ae25d8-7fc1-4004-b491-a3da39423556
2025-03-01 22:13:26,498+0000 INFO  [quartz-10-thread-4]  *SYSTEM org.sonatype.nexus.repository.content.tasks.normalize.NormalizeComponentVersionTask -  Type: component.normalize.version
2025-03-01 22:13:26,498+0000 INFO  [quartz-10-thread-4]  *SYSTEM org.sonatype.nexus.repository.content.tasks.normalize.NormalizeComponentVersionTask -  Name: Repair - Normalize component versions for retain-n
2025-03-01 22:13:26,498+0000 INFO  [quartz-10-thread-4]  *SYSTEM org.sonatype.nexus.repository.content.tasks.normalize.NormalizeComponentVersionTask -  Description: populate normalized_version column on {format}_component tables
2025-03-01 22:13:26,500+0000 INFO  [quartz-10-thread-4]  *SYSTEM org.sonatype.nexus.repository.content.tasks.normalize.NormalizeComponentVersionTask - normalizing cocoapods components version
2025-03-01 22:13:26,520+0000 INFO  [quartz-10-thread-4]  *SYSTEM org.sonatype.nexus.repository.content.tasks.normalize.NormalizeComponentVersionTask - found 0 unnormalized records on cocoapods components
2025-03-01 22:13:26,522+0000 INFO  [quartz-10-thread-4]  *SYSTEM org.sonatype.nexus.repository.content.tasks.normalize.NormalizeComponentVersionTask - normalizing p2 components version
2025-03-01 22:13:26,527+0000 INFO  [quartz-10-thread-4]  *SYSTEM org.sonatype.nexus.repository.content.tasks.normalize.NormalizeComponentVersionTask - found 0 unnormalized records on p2 components
2025-03-01 22:13:26,528+0000 INFO  [quartz-10-thread-4]  *SYSTEM org.sonatype.nexus.repository.content.tasks.normalize.NormalizeComponentVersionTask - normalizing apt components version
2025-03-01 22:13:26,530+0000 INFO  [quartz-10-thread-4]  *SYSTEM org.sonatype.nexus.repository.content.tasks.normalize.NormalizeComponentVersionTask - found 0 unnormalized records on apt components
2025-03-01 22:13:26,531+0000 INFO  [quartz-10-thread-4]  *SYSTEM org.sonatype.nexus.repository.content.tasks.normalize.NormalizeComponentVersionTask - normalizing composer components version
2025-03-01 22:13:26,536+0000 INFO  [quartz-10-thread-4]  *SYSTEM org.sonatype.nexus.repository.content.tasks.normalize.NormalizeComponentVersionTask - found 0 unnormalized records on composer components
2025-03-01 22:13:26,537+0000 INFO  [quartz-10-thread-4]  *SYSTEM org.sonatype.nexus.repository.content.tasks.normalize.NormalizeComponentVersionTask - normalizing gitlfs components version
2025-03-01 22:13:26,541+0000 INFO  [quartz-10-thread-4]  *SYSTEM org.sonatype.nexus.repository.content.tasks.normalize.NormalizeComponentVersionTask - found 0 unnormalized records on gitlfs components
2025-03-01 22:13:26,542+0000 INFO  [quartz-10-thread-4]  *SYSTEM org.sonatype.nexus.repository.content.tasks.normalize.NormalizeComponentVersionTask - normalizing go components version
2025-03-01 22:13:26,545+0000 INFO  [quartz-10-thread-4]  *SYSTEM org.sonatype.nexus.repository.content.tasks.normalize.NormalizeComponentVersionTask - found 0 unnormalized records on go components
2025-03-01 22:13:26,547+0000 INFO  [quartz-10-thread-4]  *SYSTEM org.sonatype.nexus.repository.content.tasks.normalize.NormalizeComponentVersionTask - normalizing conan components version
2025-03-01 22:13:26,551+0000 INFO  [quartz-10-thread-4]  *SYSTEM org.sonatype.nexus.repository.content.tasks.normalize.NormalizeComponentVersionTask - found 0 unnormalized records on conan components
2025-03-01 22:13:26,552+0000 INFO  [quartz-10-thread-4]  *SYSTEM org.sonatype.nexus.repository.content.tasks.normalize.NormalizeComponentVersionTask - normalizing raw components version
2025-03-01 22:13:26,553+0000 INFO  [quartz-10-thread-4]  *SYSTEM org.sonatype.nexus.repository.content.tasks.normalize.NormalizeComponentVersionTask - found 0 unnormalized records on raw components
2025-03-01 22:13:26,555+0000 INFO  [quartz-10-thread-4]  *SYSTEM org.sonatype.nexus.repository.content.tasks.normalize.NormalizeComponentVersionTask - normalizing maven2 components version
2025-03-01 22:13:26,557+0000 INFO  [quartz-10-thread-4]  *SYSTEM org.sonatype.nexus.repository.content.tasks.normalize.NormalizeComponentVersionTask - found 0 unnormalized records on maven2 components
2025-03-01 22:13:26,557+0000 INFO  [quartz-10-thread-4]  *SYSTEM org.sonatype.nexus.repository.content.tasks.normalize.NormalizeComponentVersionTask - normalizing npm components version
2025-03-01 22:13:26,559+0000 INFO  [quartz-10-thread-4]  *SYSTEM org.sonatype.nexus.repository.content.tasks.normalize.NormalizeComponentVersionTask - found 0 unnormalized records on npm components
2025-03-01 22:13:26,560+0000 INFO  [quartz-10-thread-4]  *SYSTEM org.sonatype.nexus.repository.content.tasks.normalize.NormalizeComponentVersionTask - normalizing huggingface components version
2025-03-01 22:13:26,563+0000 INFO  [quartz-10-thread-4]  *SYSTEM org.sonatype.nexus.repository.content.tasks.normalize.NormalizeComponentVersionTask - found 0 unnormalized records on huggingface components
2025-03-01 22:13:26,564+0000 INFO  [quartz-10-thread-4]  *SYSTEM org.sonatype.nexus.repository.content.tasks.normalize.NormalizeComponentVersionTask - normalizing nuget components version
2025-03-01 22:13:26,566+0000 INFO  [quartz-10-thread-4]  *SYSTEM org.sonatype.nexus.repository.content.tasks.normalize.NormalizeComponentVersionTask - found 0 unnormalized records on nuget components
2025-03-01 22:13:26,567+0000 INFO  [quartz-10-thread-4]  *SYSTEM org.sonatype.nexus.repository.content.tasks.normalize.NormalizeComponentVersionTask - normalizing rubygems components version
2025-03-01 22:13:26,571+0000 INFO  [quartz-10-thread-4]  *SYSTEM org.sonatype.nexus.repository.content.tasks.normalize.NormalizeComponentVersionTask - found 0 unnormalized records on rubygems components
2025-03-01 22:13:26,574+0000 INFO  [quartz-10-thread-4]  *SYSTEM org.sonatype.nexus.repository.content.tasks.normalize.NormalizeComponentVersionTask - normalizing helm components version
2025-03-01 22:13:26,580+0000 INFO  [quartz-10-thread-4]  *SYSTEM org.sonatype.nexus.repository.content.tasks.normalize.NormalizeComponentVersionTask - found 0 unnormalized records on helm components
2025-03-01 22:13:26,582+0000 INFO  [quartz-10-thread-4]  *SYSTEM org.sonatype.nexus.repository.content.tasks.normalize.NormalizeComponentVersionTask - normalizing docker components version
2025-03-01 22:13:26,586+0000 INFO  [quartz-10-thread-4]  *SYSTEM org.sonatype.nexus.repository.content.tasks.normalize.NormalizeComponentVersionTask - found 0 unnormalized records on docker components
2025-03-01 22:13:26,587+0000 INFO  [quartz-10-thread-4]  *SYSTEM org.sonatype.nexus.repository.content.tasks.normalize.NormalizeComponentVersionTask - normalizing yum components version
2025-03-01 22:13:26,590+0000 INFO  [quartz-10-thread-4]  *SYSTEM org.sonatype.nexus.repository.content.tasks.normalize.NormalizeComponentVersionTask - found 0 unnormalized records on yum components
2025-03-01 22:13:26,590+0000 INFO  [quartz-10-thread-4]  *SYSTEM org.sonatype.nexus.repository.content.tasks.normalize.NormalizeComponentVersionTask - normalizing r components version
2025-03-01 22:13:26,593+0000 INFO  [quartz-10-thread-4]  *SYSTEM org.sonatype.nexus.repository.content.tasks.normalize.NormalizeComponentVersionTask - found 0 unnormalized records on r components
2025-03-01 22:13:26,594+0000 INFO  [quartz-10-thread-4]  *SYSTEM org.sonatype.nexus.repository.content.tasks.normalize.NormalizeComponentVersionTask - normalizing pypi components version
2025-03-01 22:13:26,596+0000 INFO  [quartz-10-thread-4]  *SYSTEM org.sonatype.nexus.repository.content.tasks.normalize.NormalizeComponentVersionTask - found 0 unnormalized records on pypi components
2025-03-01 22:13:26,600+0000 INFO  [quartz-10-thread-4]  *SYSTEM org.sonatype.nexus.repository.content.tasks.normalize.NormalizeComponentVersionTask - normalizing conda components version
2025-03-01 22:13:26,607+0000 INFO  [quartz-10-thread-4]  *SYSTEM org.sonatype.nexus.repository.content.tasks.normalize.NormalizeComponentVersionTask - found 0 unnormalized records on conda components
2025-03-01 22:13:26,609+0000 INFO  [quartz-10-thread-4]  *SYSTEM org.sonatype.nexus.repository.content.tasks.normalize.NormalizeComponentVersionTask - normalizing cargo components version
2025-03-01 22:13:26,615+0000 INFO  [quartz-10-thread-4]  *SYSTEM org.sonatype.nexus.repository.content.tasks.normalize.NormalizeComponentVersionTask - found 0 unnormalized records on cargo components
2025-03-01 22:13:26,616+0000 INFO  [quartz-10-thread-4]  *SYSTEM org.sonatype.nexus.repository.content.tasks.normalize.NormalizeComponentVersionTask - Task complete
