Mar 01, 2025 4:10:09 PM org.apache.karaf.main.Main launch
INFO: Installing and starting initial bundles
Mar 01, 2025 4:10:09 PM org.apache.karaf.main.Main launch
INFO: All initial bundles installed and set to start
Mar 01, 2025 4:10:10 PM org.apache.karaf.main.Main$KarafLockCallback lockAcquired
INFO: Lock acquired. Setting startlevel to 100
Mar 01, 2025 4:18:12 PM org.apache.karaf.main.Main launch
INFO: Installing and starting initial bundles
Mar 01, 2025 4:18:12 PM org.apache.karaf.main.Main launch
INFO: All initial bundles installed and set to start
Mar 01, 2025 4:18:12 PM org.apache.karaf.main.Main$KarafLockCallback lockAcquired
INFO: Lock acquired. Setting startlevel to 100
Mar 01, 2025 4:24:50 PM org.apache.karaf.main.Main launch
INFO: Installing and starting initial bundles
Mar 01, 2025 4:24:51 PM org.apache.karaf.main.Main launch
INFO: All initial bundles installed and set to start
Mar 01, 2025 4:24:51 PM org.apache.karaf.main.Main$KarafLockCallback lockAcquired
INFO: Lock acquired. Setting startlevel to 100
Mar 01, 2025 4:25:29 PM org.apache.karaf.main.Main launch
INFO: Installing and starting initial bundles
Mar 01, 2025 4:25:30 PM org.apache.karaf.main.Main launch
INFO: All initial bundles installed and set to start
Mar 01, 2025 4:25:30 PM org.apache.karaf.main.Main$KarafLockCallback lockAcquired
INFO: Lock acquired. Setting startlevel to 100
Mar 01, 2025 4:37:26 PM org.apache.karaf.main.Main launch
INFO: Installing and starting initial bundles
Mar 01, 2025 4:37:27 PM org.apache.karaf.main.Main launch
INFO: All initial bundles installed and set to start
Mar 01, 2025 4:37:27 PM org.apache.karaf.main.Main$KarafLockCallback lockAcquired
INFO: Lock acquired. Setting startlevel to 100
Mar 01, 2025 4:44:04 PM org.apache.karaf.main.Main launch
INFO: Installing and starting initial bundles
Mar 01, 2025 4:44:04 PM org.apache.karaf.main.Main launch
INFO: All initial bundles installed and set to start
Mar 01, 2025 4:44:05 PM org.apache.karaf.main.Main$KarafLockCallback lockAcquired
INFO: Lock acquired. Setting startlevel to 100
Mar 01, 2025 4:48:45 PM org.apache.karaf.main.Main launch
INFO: Installing and starting initial bundles
Mar 01, 2025 4:48:46 PM org.apache.karaf.main.Main launch
INFO: All initial bundles installed and set to start
Mar 01, 2025 4:48:46 PM org.apache.karaf.main.Main$KarafLockCallback lockAcquired
INFO: Lock acquired. Setting startlevel to 100
Mar 01, 2025 4:53:23 PM org.apache.karaf.main.Main launch
INFO: Installing and starting initial bundles
Mar 01, 2025 4:53:24 PM org.apache.karaf.main.Main launch
INFO: All initial bundles installed and set to start
Mar 01, 2025 4:53:24 PM org.apache.karaf.main.Main$KarafLockCallback lockAcquired
INFO: Lock acquired. Setting startlevel to 100
Mar 01, 2025 4:54:36 PM org.apache.karaf.main.Main launch
INFO: Installing and starting initial bundles
Mar 01, 2025 4:54:37 PM org.apache.karaf.main.Main launch
INFO: All initial bundles installed and set to start
Mar 01, 2025 4:54:37 PM org.apache.karaf.main.Main$KarafLockCallback lockAcquired
INFO: Lock acquired. Setting startlevel to 100
Mar 01, 2025 4:55:34 PM org.apache.karaf.main.Main launch
INFO: Installing and starting initial bundles
Mar 01, 2025 4:55:34 PM org.apache.karaf.main.Main launch
INFO: All initial bundles installed and set to start
Mar 01, 2025 4:55:35 PM org.apache.karaf.main.Main$KarafLockCallback lockAcquired
INFO: Lock acquired. Setting startlevel to 100
Mar 01, 2025 4:59:31 PM org.apache.karaf.main.Main launch
INFO: Installing and starting initial bundles
Mar 01, 2025 4:59:32 PM org.apache.karaf.main.Main launch
INFO: All initial bundles installed and set to start
Mar 01, 2025 4:59:32 PM org.apache.karaf.main.Main$KarafLockCallback lockAcquired
INFO: Lock acquired. Setting startlevel to 100
Mar 01, 2025 5:00:35 PM org.apache.karaf.main.Main launch
INFO: Installing and starting initial bundles
Mar 01, 2025 5:00:36 PM org.apache.karaf.main.Main launch
INFO: All initial bundles installed and set to start
Mar 01, 2025 5:00:36 PM org.apache.karaf.main.Main$KarafLockCallback lockAcquired
INFO: Lock acquired. Setting startlevel to 100
Mar 01, 2025 5:01:22 PM org.apache.karaf.main.Main launch
INFO: Installing and starting initial bundles
Mar 01, 2025 5:01:23 PM org.apache.karaf.main.Main launch
INFO: All initial bundles installed and set to start
Mar 01, 2025 5:01:23 PM org.apache.karaf.main.Main$KarafLockCallback lockAcquired
INFO: Lock acquired. Setting startlevel to 100
Mar 01, 2025 5:02:31 PM org.apache.karaf.main.Main launch
INFO: Installing and starting initial bundles
Mar 01, 2025 5:02:32 PM org.apache.karaf.main.Main launch
INFO: All initial bundles installed and set to start
Mar 01, 2025 5:02:32 PM org.apache.karaf.main.Main$KarafLockCallback lockAcquired
INFO: Lock acquired. Setting startlevel to 100
Mar 01, 2025 5:04:08 PM org.apache.karaf.main.Main launch
INFO: Installing and starting initial bundles
Mar 01, 2025 5:04:09 PM org.apache.karaf.main.Main launch
INFO: All initial bundles installed and set to start
Mar 01, 2025 5:04:09 PM org.apache.karaf.main.Main$KarafLockCallback lockAcquired
INFO: Lock acquired. Setting startlevel to 100
Mar 01, 2025 5:06:09 PM org.apache.karaf.main.Main launch
INFO: Installing and starting initial bundles
Mar 01, 2025 5:06:09 PM org.apache.karaf.main.Main launch
INFO: All initial bundles installed and set to start
Mar 01, 2025 5:06:10 PM org.apache.karaf.main.Main$KarafLockCallback lockAcquired
INFO: Lock acquired. Setting startlevel to 100
Mar 01, 2025 5:07:02 PM org.apache.karaf.main.Main launch
INFO: Installing and starting initial bundles
Mar 01, 2025 5:07:02 PM org.apache.karaf.main.Main launch
INFO: All initial bundles installed and set to start
Mar 01, 2025 5:07:03 PM org.apache.karaf.main.Main$KarafLockCallback lockAcquired
INFO: Lock acquired. Setting startlevel to 100
Mar 01, 2025 5:27:40 PM org.apache.karaf.main.Main launch
INFO: Installing and starting initial bundles
Mar 01, 2025 5:27:41 PM org.apache.karaf.main.Main launch
INFO: All initial bundles installed and set to start
Mar 01, 2025 5:27:41 PM org.apache.karaf.main.Main$KarafLockCallback lockAcquired
INFO: Lock acquired. Setting startlevel to 100
