[01/Mar/2025:16:11:37 +0000] - "GET https://rhc.sonatype.com/rest/component/details/firewall/malicious-risk/enabledRegistries HTTP/1.1" 200 -1 406 "Nexus/3.77.2-02 (COMMUNITY; Linux; 6.12.5-linuxkit; amd64; 17.0.14)" [quartz-10-thread-8]
[01/Mar/2025:16:11:43 +0000] - "GET https://rhc.sonatype.com/rest/rhc/scan/71feedfe-44e2be69-535706dd-96db354e-f16d3294/maven-central?timestamp=2025-03-01_16%3A11%3A42 HTTP/1.1" 200 60 66 "Nexus/3.77.2-02 (COMMUNITY; Linux; 6.12.5-linuxkit; amd64; 17.0.14)" [quartz-10-thread-9]
[01/Mar/2025:16:11:43 +0000] - "PUT https://rhc.sonatype.com/rest/rhc/scan/71feedfe-44e2be69-535706dd-96db354e-f16d3294/maven-central?timestamp=2025-03-01_16%3A11%3A43 HTTP/1.1" 200 92 113 "Nexus/3.77.2-02 (COMMUNITY; Linux; 6.12.5-linuxkit; amd64; 17.0.14)" [quartz-10-thread-9]
[01/Mar/2025:16:11:43 +0000] - "GET https://rhc.sonatype.com/rest/rhc/scan/71feedfe-44e2be69-535706dd-96db354e-f16d3294/nuget.org-proxy?timestamp=2025-03-01_16%3A11%3A43 HTTP/1.1" 200 60 52 "Nexus/3.77.2-02 (COMMUNITY; Linux; 6.12.5-linuxkit; amd64; 17.0.14)" [quartz-10-thread-10]
[01/Mar/2025:16:11:43 +0000] - "PUT https://rhc.sonatype.com/rest/rhc/scan/71feedfe-44e2be69-535706dd-96db354e-f16d3294/nuget.org-proxy?timestamp=2025-03-01_16%3A11%3A43 HTTP/1.1" 200 92 87 "Nexus/3.77.2-02 (COMMUNITY; Linux; 6.12.5-linuxkit; amd64; 17.0.14)" [quartz-10-thread-10]
[01/Mar/2025:16:11:53 +0000] - "GET https://rhc.sonatype.com/rest/rhc/scan/71feedfe-44e2be69-535706dd-96db354e-f16d3294/maven-central?timestamp=2025-03-01_16%3A11%3A53 HTTP/1.1" 200 61 56 "Nexus/3.77.2-02 (COMMUNITY; Linux; 6.12.5-linuxkit; amd64; 17.0.14)" [quartz-10-thread-11]
[01/Mar/2025:16:11:53 +0000] - "GET https://rhc.sonatype.com/rest/rhc/report/71feedfe-44e2be69-535706dd-96db354e-f16d3294/maven-central?timestamp=2025-03-01_16%3A11%3A53 HTTP/1.1" 200 -1 89 "Nexus/3.77.2-02 (COMMUNITY; Linux; 6.12.5-linuxkit; amd64; 17.0.14)" [quartz-10-thread-11]
[01/Mar/2025:16:11:53 +0000] - "GET https://rhc.sonatype.com/rest/rhc/scan/71feedfe-44e2be69-535706dd-96db354e-f16d3294/nuget.org-proxy?timestamp=2025-03-01_16%3A11%3A53 HTTP/1.1" 200 61 54 "Nexus/3.77.2-02 (COMMUNITY; Linux; 6.12.5-linuxkit; amd64; 17.0.14)" [quartz-10-thread-12]
[01/Mar/2025:16:11:54 +0000] - "GET https://rhc.sonatype.com/rest/rhc/report/71feedfe-44e2be69-535706dd-96db354e-f16d3294/nuget.org-proxy?timestamp=2025-03-01_16%3A11%3A53 HTTP/1.1" 200 -1 135 "Nexus/3.77.2-02 (COMMUNITY; Linux; 6.12.5-linuxkit; amd64; 17.0.14)" [quartz-10-thread-12]
[01/Mar/2025:16:12:18 +0000] - "GET https://clm.sonatype.com/user-telemetry-rm.js HTTP/1.1" 200 -1 288 "Nexus/3.77.2-02 (COMMUNITY; Linux; 6.12.5-linuxkit; amd64; 17.0.14)" [qtp110282615-124]
[01/Mar/2025:16:12:18 +0000] - "GET https://rhc.sonatype.com/rest/rhc/extras/maliciousContent/71feedfe-44e2be69-535706dd-96db354e-f16d3294 HTTP/1.1" 200 39 185 "Nexus/3.77.2-02 (COMMUNITY; Linux; 6.12.5-linuxkit; amd64; 17.0.14)" [qtp110282615-118]
[01/Mar/2025:16:12:19 +0000] - "GET https://clm.sonatype.com/rest/environment/stats HTTP/1.1" 200 81 37 "Nexus/3.77.2-02 (COMMUNITY; Linux; 6.12.5-linuxkit; amd64; 17.0.14)" [qtp110282615-720]
[01/Mar/2025:16:12:20 +0000] - "GET https://links.sonatype.com/products/nexus/outreach/community/3.77.2-02/en/anonymous HTTP/1.1" 302 -1 190 "Nexus/3.77.2-02 (COMMUNITY; Linux; 6.12.5-linuxkit; amd64; 17.0.14)" [pool-5-thread-1]
[01/Mar/2025:16:12:20 +0000] - "GET https://clm.sonatype.com/user-telemetry/v1/rte/v1/configuration/AP-YFGMCGUNNIFB-2?ai=a2e3917a-4f22-4c24-8671-436b74b600a2 HTTP/1.1" 200 2138 74 "Nexus/3.77.2-02 (COMMUNITY; Linux; 6.12.5-linuxkit; amd64; 17.0.14)" [qtp110282615-717]
[01/Mar/2025:16:12:20 +0000] - "GET https://clm.sonatype.com/user-telemetry/v1/style.css?a=AP-YFGMCGUNNIFB-2 HTTP/1.1" 200 52896 113 "Nexus/3.77.2-02 (COMMUNITY; Linux; 6.12.5-linuxkit; amd64; 17.0.14)" [qtp110282615-720]
[01/Mar/2025:16:12:20 +0000] - "GET https://download.sonatype.com/nexus/outreach/community-en-all-anonymous.zip HTTP/1.1" 302 138 295 "Nexus/3.77.2-02 (COMMUNITY; Linux; 6.12.5-linuxkit; amd64; 17.0.14)" [pool-5-thread-1]
[01/Mar/2025:16:12:20 +0000] - "GET https://clm.sonatype.com/user-telemetry/v1/rte/api/v1/feature/client?p=AP-YFGMCGUNNIFB-2&sv=0.53.0&v=AP-YFGMCGUNNIFB-2-1740845249703-79284853&vt=2&ai=a2e3917a-4f22-4c24-8671-436b74b600a2&s=AP-YFGMCGUNNIFB-2-1740845249703-34226633&wsv=0.53.0&cb=1740845540428-3374 HTTP/1.1" 200 40845 150 "Nexus/3.77.2-02 (COMMUNITY; Linux; 6.12.5-linuxkit; amd64; 17.0.14)" [qtp110282615-718]
[01/Mar/2025:16:12:20 +0000] - "POST https://clm.sonatype.com/user-telemetry/v1/rte/v2/command?p=AP-YFGMCGUNNIFB-2&et=identify HTTP/1.1" 200 69 149 "Nexus/3.77.2-02 (COMMUNITY; Linux; 6.12.5-linuxkit; amd64; 17.0.14)" [qtp110282615-119]
[01/Mar/2025:16:12:20 +0000] - "POST https://clm.sonatype.com/user-telemetry/v1/rte/v2/command?p=AP-YFGMCGUNNIFB-2&et=pageview HTTP/1.1" 200 69 152 "Nexus/3.77.2-02 (COMMUNITY; Linux; 6.12.5-linuxkit; amd64; 17.0.14)" [qtp110282615-120]
[01/Mar/2025:16:12:20 +0000] - "GET https://clm.sonatype.com/user-telemetry/v1/rte/v2/kc?s=AP-YFGMCGUNNIFB-2-1740845249703-34226633&p=AP-YFGMCGUNNIFB-2 HTTP/1.1" 200 0 228 "Nexus/3.77.2-02 (COMMUNITY; Linux; 6.12.5-linuxkit; amd64; 17.0.14)" [qtp110282615-719]
[01/Mar/2025:16:12:20 +0000] - "POST https://clm.sonatype.com/user-telemetry/v1/rte/v2/command?p=AP-YFGMCGUNNIFB-2&et=sessionInitialized HTTP/1.1" 200 69 67 "Nexus/3.77.2-02 (COMMUNITY; Linux; 6.12.5-linuxkit; amd64; 17.0.14)" [qtp110282615-717]
[01/Mar/2025:16:12:20 +0000] - "GET https://sonatype-download.global.ssl.fastly.net/nexus/outreach/community-en-all-anonymous.zip HTTP/1.1" 302 138 135 "Nexus/3.77.2-02 (COMMUNITY; Linux; 6.12.5-linuxkit; amd64; 17.0.14)" [pool-5-thread-1]
[01/Mar/2025:16:12:20 +0000] - "GET https://sonatype-download.global.ssl.fastly.net/repository/downloads-prod-group/outreach/B/community-en-all-anonymous.zip HTTP/1.1" 200 365809 23 "Nexus/3.77.2-02 (COMMUNITY; Linux; 6.12.5-linuxkit; amd64; 17.0.14)" [pool-5-thread-1]
[01/Mar/2025:16:12:21 +0000] - "GET https://clm.sonatype.com/user-telemetry/v1/rte/v2/kc?s=AP-YFGMCGUNNIFB-2-1740845540620-49629947&p=AP-YFGMCGUNNIFB-2 HTTP/1.1" 200 0 74 "Nexus/3.77.2-02 (COMMUNITY; Linux; 6.12.5-linuxkit; amd64; 17.0.14)" [qtp110282615-716]
[01/Mar/2025:16:12:21 +0000] - "GET https://clm.sonatype.com/user-telemetry/v1/rte/v1/inapp?p=AP-YFGMCGUNNIFB-2&sv=0.53.0&v=AP-YFGMCGUNNIFB-2-1740845540621-94975353&vt=2&ai=6b933aba-006b-4c12-b4b5-a0ddc2adfcf4&s=AP-YFGMCGUNNIFB-2-1740845249703-34226633&sc=https%3A%2F%2F&ho=obfuscated-rm-base.example.com&pa=%2F&q=&ha=&u=obfuscated-rm-base.example.com%2F&gcx=%7B%22rm_serverVersion%22%3A%223.77.2-02%22%7D&cb=1740845541181-6111 HTTP/1.1" 200 0 78 "Nexus/3.77.2-02 (COMMUNITY; Linux; 6.12.5-linuxkit; amd64; 17.0.14)" [qtp110282615-120]
[01/Mar/2025:16:12:21 +0000] - "GET https://clm.sonatype.com/user-telemetry/v1/rte/v2/kc?s=AP-YFGMCGUNNIFB-2-1740845540620-49629947&p=AP-YFGMCGUNNIFB-2 HTTP/1.1" 200 0 65 "Nexus/3.77.2-02 (COMMUNITY; Linux; 6.12.5-linuxkit; amd64; 17.0.14)" [qtp110282615-125]
[01/Mar/2025:16:12:23 +0000] - "GET https://clm.sonatype.com/user-telemetry/v1/rte/v2/kc?s=AP-YFGMCGUNNIFB-2-1740845540620-49629947&p=AP-YFGMCGUNNIFB-2 HTTP/1.1" 200 0 57 "Nexus/3.77.2-02 (COMMUNITY; Linux; 6.12.5-linuxkit; amd64; 17.0.14)" [qtp110282615-120]
[01/Mar/2025:16:12:24 +0000] - "POST https://clm.sonatype.com/user-telemetry/v1/rte/v2/command?p=AP-YFGMCGUNNIFB-2&et=click HTTP/1.1" 200 69 71 "Nexus/3.77.2-02 (COMMUNITY; Linux; 6.12.5-linuxkit; amd64; 17.0.14)" [qtp110282615-125]
[01/Mar/2025:16:12:24 +0000] - "POST https://clm.sonatype.com/user-telemetry/v1/rte/v2/command?p=AP-YFGMCGUNNIFB-2&et=pageview HTTP/1.1" 200 69 76 "Nexus/3.77.2-02 (COMMUNITY; Linux; 6.12.5-linuxkit; amd64; 17.0.14)" [qtp110282615-717]
[01/Mar/2025:16:12:25 +0000] - "GET https://clm.sonatype.com/user-telemetry/v1/rte/v1/inapp?p=AP-YFGMCGUNNIFB-2&sv=0.53.0&v=AP-YFGMCGUNNIFB-2-1740845540621-94975353&vt=2&ai=6b933aba-006b-4c12-b4b5-a0ddc2adfcf4&s=AP-YFGMCGUNNIFB-2-1740845540620-49629947&sc=https%3A%2F%2F&ho=obfuscated-rm-base.example.com&pa=%2F&q=&ha=&u=obfuscated-rm-base.example.com%2F&gcx=%7B%22rm_serverVersion%22%3A%223.77.2-02%22%7D&cb=1740845545208-9258 HTTP/1.1" 200 0 67 "Nexus/3.77.2-02 (COMMUNITY; Linux; 6.12.5-linuxkit; amd64; 17.0.14)" [qtp110282615-120]
[01/Mar/2025:16:12:28 +0000] - "GET https://links.sonatype.com/products/nexus/outreach/community/3.77.2-02/en/admin HTTP/1.1" 302 -1 55 "Nexus/3.77.2-02 (COMMUNITY; Linux; 6.12.5-linuxkit; amd64; 17.0.14)" [pool-5-thread-3]
[01/Mar/2025:16:12:28 +0000] - "POST https://clm.sonatype.com/user-telemetry/v1/rte/v2/command?p=AP-YFGMCGUNNIFB-2&et=identify HTTP/1.1" 200 69 68 "Nexus/3.77.2-02 (COMMUNITY; Linux; 6.12.5-linuxkit; amd64; 17.0.14)" [qtp110282615-718]
[01/Mar/2025:16:12:28 +0000] - "GET https://download.sonatype.com/nexus/outreach/community-en-all-admin.zip HTTP/1.1" 302 138 103 "Nexus/3.77.2-02 (COMMUNITY; Linux; 6.12.5-linuxkit; amd64; 17.0.14)" [pool-5-thread-3]
[01/Mar/2025:16:12:28 +0000] - "GET https://sonatype-download.global.ssl.fastly.net/nexus/outreach/community-en-all-admin.zip HTTP/1.1" 302 138 21 "Nexus/3.77.2-02 (COMMUNITY; Linux; 6.12.5-linuxkit; amd64; 17.0.14)" [pool-5-thread-3]
[01/Mar/2025:16:12:28 +0000] - "POST https://clm.sonatype.com/user-telemetry/v1/rte/v2/command?p=AP-YFGMCGUNNIFB-2&et=sessionInitialized HTTP/1.1" 200 69 59 "Nexus/3.77.2-02 (COMMUNITY; Linux; 6.12.5-linuxkit; amd64; 17.0.14)" [qtp110282615-119]
[01/Mar/2025:16:12:28 +0000] - "GET https://sonatype-download.global.ssl.fastly.net/repository/downloads-prod-group/outreach/B/community-en-all-admin.zip HTTP/1.1" 200 365809 18 "Nexus/3.77.2-02 (COMMUNITY; Linux; 6.12.5-linuxkit; amd64; 17.0.14)" [pool-5-thread-3]
[01/Mar/2025:16:12:28 +0000] - "HEAD https://links.sonatype.com/products/nexus/outreach/community/3.77.2-02/en/admin HTTP/1.1" 302 0 40 "Nexus/3.77.2-02 (COMMUNITY; Linux; 6.12.5-linuxkit; amd64; 17.0.14)" [pool-5-thread-5]
[01/Mar/2025:16:12:28 +0000] - "HEAD https://download.sonatype.com/nexus/outreach/community-en-all-admin.zip HTTP/1.1" 302 0 104 "Nexus/3.77.2-02 (COMMUNITY; Linux; 6.12.5-linuxkit; amd64; 17.0.14)" [pool-5-thread-5]
[01/Mar/2025:16:12:28 +0000] - "HEAD https://sonatype-download.global.ssl.fastly.net/nexus/outreach/community-en-all-admin.zip HTTP/1.1" 302 0 19 "Nexus/3.77.2-02 (COMMUNITY; Linux; 6.12.5-linuxkit; amd64; 17.0.14)" [pool-5-thread-5]
[01/Mar/2025:16:12:28 +0000] - "HEAD https://sonatype-download.global.ssl.fastly.net/repository/downloads-prod-group/outreach/B/community-en-all-admin.zip HTTP/1.1" 200 0 17 "Nexus/3.77.2-02 (COMMUNITY; Linux; 6.12.5-linuxkit; amd64; 17.0.14)" [pool-5-thread-5]
[01/Mar/2025:16:12:28 +0000] - "GET https://clm.sonatype.com/user-telemetry/v1/rte/v1/inapp?p=AP-YFGMCGUNNIFB-2&sv=0.53.0&v=AP-YFGMCGUNNIFB-2-1740845548163-51245834&vt=2&ai=a2e3917a-4f22-4c24-8671-436b74b600a2&s=AP-YFGMCGUNNIFB-2-1740845540620-49629947&sc=https%3A%2F%2F&ho=obfuscated-rm-base.example.com&pa=%2F&q=&ha=&u=obfuscated-rm-base.example.com%2F&gcx=%7B%22rm_serverVersion%22%3A%223.77.2-02%22%7D&cb=1740845548751-9297 HTTP/1.1" 200 0 61 "Nexus/3.77.2-02 (COMMUNITY; Linux; 6.12.5-linuxkit; amd64; 17.0.14)" [qtp110282615-718]
[01/Mar/2025:16:12:28 +0000] - "GET https://clm.sonatype.com/user-telemetry/v1/rte/v2/kc?s=AP-YFGMCGUNNIFB-2-1740845548163-65719136&p=AP-YFGMCGUNNIFB-2 HTTP/1.1" 200 0 60 "Nexus/3.77.2-02 (COMMUNITY; Linux; 6.12.5-linuxkit; amd64; 17.0.14)" [qtp110282615-119]
[01/Mar/2025:16:12:29 +0000] - "GET https://clm.sonatype.com/user-telemetry/v1/rte/v2/kc?s=AP-YFGMCGUNNIFB-2-1740845548163-65719136&p=AP-YFGMCGUNNIFB-2 HTTP/1.1" 200 0 75 "Nexus/3.77.2-02 (COMMUNITY; Linux; 6.12.5-linuxkit; amd64; 17.0.14)" [qtp110282615-121]
[01/Mar/2025:16:12:30 +0000] - "GET https://clm.sonatype.com/user-telemetry/v1/rte/v2/kc?s=AP-YFGMCGUNNIFB-2-1740845548163-65719136&p=AP-YFGMCGUNNIFB-2 HTTP/1.1" 200 0 61 "Nexus/3.77.2-02 (COMMUNITY; Linux; 6.12.5-linuxkit; amd64; 17.0.14)" [qtp110282615-119]
[01/Mar/2025:16:12:32 +0000] - "POST https://clm.sonatype.com/user-telemetry/v1/rte/v2/command?p=AP-YFGMCGUNNIFB-2&et=click HTTP/1.1" 200 69 71 "Nexus/3.77.2-02 (COMMUNITY; Linux; 6.12.5-linuxkit; amd64; 17.0.14)" [qtp110282615-121]
[01/Mar/2025:16:12:32 +0000] - "POST https://clm.sonatype.com/user-telemetry/v1/rte/v2/command?p=AP-YFGMCGUNNIFB-2&et=pageview HTTP/1.1" 200 69 59 "Nexus/3.77.2-02 (COMMUNITY; Linux; 6.12.5-linuxkit; amd64; 17.0.14)" [qtp110282615-125]
[01/Mar/2025:16:12:33 +0000] - "GET https://clm.sonatype.com/user-telemetry/v1/rte/v1/inapp?p=AP-YFGMCGUNNIFB-2&sv=0.53.0&v=AP-YFGMCGUNNIFB-2-1740845548163-51245834&vt=2&ai=a2e3917a-4f22-4c24-8671-436b74b600a2&s=AP-YFGMCGUNNIFB-2-1740845548163-65719136&sc=https%3A%2F%2F&ho=obfuscated-rm-base.example.com&pa=%2F&q=&ha=&u=obfuscated-rm-base.example.com%2F&gcx=%7B%22rm_serverVersion%22%3A%223.77.2-02%22%7D&cb=1740845553150-9985 HTTP/1.1" 200 0 63 "Nexus/3.77.2-02 (COMMUNITY; Linux; 6.12.5-linuxkit; amd64; 17.0.14)" [qtp110282615-125]
[01/Mar/2025:16:12:41 +0000] - "POST https://clm.sonatype.com/user-telemetry/v1/rte/v2/command?p=AP-YFGMCGUNNIFB-2&et=click HTTP/1.1" 200 69 120 "Nexus/3.77.2-02 (COMMUNITY; Linux; 6.12.5-linuxkit; amd64; 17.0.14)" [qtp110282615-125]
[01/Mar/2025:16:12:42 +0000] - "POST https://clm.sonatype.com/user-telemetry/v1/rte/v2/command?p=AP-YFGMCGUNNIFB-2&et=click HTTP/1.1" 200 69 129 "Nexus/3.77.2-02 (COMMUNITY; Linux; 6.12.5-linuxkit; amd64; 17.0.14)" [qtp110282615-718]
[01/Mar/2025:16:12:42 +0000] - "GET https://clm.sonatype.com/user-telemetry/v1/rte/v1/inapp?p=AP-YFGMCGUNNIFB-2&sv=0.53.0&v=AP-YFGMCGUNNIFB-2-1740845548163-51245834&vt=2&ai=a2e3917a-4f22-4c24-8671-436b74b600a2&s=AP-YFGMCGUNNIFB-2-1740845548163-65719136&sc=https%3A%2F%2F&ho=obfuscated-rm-base.example.com&pa=%2F&q=&ha=&u=obfuscated-rm-base.example.com%2F&gcx=%7B%22rm_serverVersion%22%3A%223.77.2-02%22%7D&cb=1740845562069-8214 HTTP/1.1" 200 0 199 "Nexus/3.77.2-02 (COMMUNITY; Linux; 6.12.5-linuxkit; amd64; 17.0.14)" [qtp110282615-119]
[01/Mar/2025:16:12:42 +0000] - "GET https://clm.sonatype.com/user-telemetry/v1/rte/v1/inapp?p=AP-YFGMCGUNNIFB-2&sv=0.53.0&v=AP-YFGMCGUNNIFB-2-1740845548163-51245834&vt=2&ai=a2e3917a-4f22-4c24-8671-436b74b600a2&s=AP-YFGMCGUNNIFB-2-1740845548163-65719136&sc=https%3A%2F%2F&ho=obfuscated-rm-base.example.com&pa=%2F&q=&ha=&u=obfuscated-rm-base.example.com%2F&gcx=%7B%22rm_serverVersion%22%3A%223.77.2-02%22%7D&cb=1740845562843-9277 HTTP/1.1" 200 0 116 "Nexus/3.77.2-02 (COMMUNITY; Linux; 6.12.5-linuxkit; amd64; 17.0.14)" [qtp110282615-125]
[01/Mar/2025:16:12:43 +0000] - "POST https://clm.sonatype.com/user-telemetry/v1/rte/v2/command?p=AP-YFGMCGUNNIFB-2&et=click HTTP/1.1" 200 69 117 "Nexus/3.77.2-02 (COMMUNITY; Linux; 6.12.5-linuxkit; amd64; 17.0.14)" [qtp110282615-121]
[01/Mar/2025:16:12:43 +0000] - "GET https://clm.sonatype.com/user-telemetry/v1/rte/v1/inapp?p=AP-YFGMCGUNNIFB-2&sv=0.53.0&v=AP-YFGMCGUNNIFB-2-1740845548163-51245834&vt=2&ai=a2e3917a-4f22-4c24-8671-436b74b600a2&s=AP-YFGMCGUNNIFB-2-1740845548163-65719136&sc=https%3A%2F%2F&ho=obfuscated-rm-base.example.com&pa=%2F&q=&ha=&u=obfuscated-rm-base.example.com%2F&gcx=%7B%22rm_serverVersion%22%3A%223.77.2-02%22%7D&cb=1740845563718-2348 HTTP/1.1" 200 0 230 "Nexus/3.77.2-02 (COMMUNITY; Linux; 6.12.5-linuxkit; amd64; 17.0.14)" [qtp110282615-119]
[01/Mar/2025:16:12:44 +0000] - "POST https://clm.sonatype.com/user-telemetry/v1/rte/v2/command?p=AP-YFGMCGUNNIFB-2&et=linkClick HTTP/1.1" 200 69 135 "Nexus/3.77.2-02 (COMMUNITY; Linux; 6.12.5-linuxkit; amd64; 17.0.14)" [qtp110282615-718]
[01/Mar/2025:16:12:44 +0000] - "POST https://clm.sonatype.com/user-telemetry/v1/rte/v2/command?p=AP-YFGMCGUNNIFB-2&et=pageview HTTP/1.1" 200 69 209 "Nexus/3.77.2-02 (COMMUNITY; Linux; 6.12.5-linuxkit; amd64; 17.0.14)" [qtp110282615-719]
[01/Mar/2025:16:12:44 +0000] - "GET https://clm.sonatype.com/user-telemetry/v1/rte/v1/inapp?p=AP-YFGMCGUNNIFB-2&sv=0.53.0&v=AP-YFGMCGUNNIFB-2-1740845548163-51245834&vt=2&ai=a2e3917a-4f22-4c24-8671-436b74b600a2&s=AP-YFGMCGUNNIFB-2-1740845548163-65719136&sc=https%3A%2F%2F&ho=obfuscated-rm-base.example.com&pa=%2F&q=&ha=&u=obfuscated-rm-base.example.com%2F&gcx=%7B%22rm_serverVersion%22%3A%223.77.2-02%22%7D&cb=1740845564616-1865 HTTP/1.1" 200 0 207 "Nexus/3.77.2-02 (COMMUNITY; Linux; 6.12.5-linuxkit; amd64; 17.0.14)" [qtp110282615-121]
[01/Mar/2025:16:12:49 +0000] - "POST https://clm.sonatype.com/user-telemetry/v1/rte/v2/command?p=AP-YFGMCGUNNIFB-2&et=click HTTP/1.1" 200 69 136 "Nexus/3.77.2-02 (COMMUNITY; Linux; 6.12.5-linuxkit; amd64; 17.0.14)" [qtp110282615-720]
[01/Mar/2025:16:12:49 +0000] - "POST https://clm.sonatype.com/user-telemetry/v1/rte/v2/command?p=AP-YFGMCGUNNIFB-2&et=pageview HTTP/1.1" 200 69 118 "Nexus/3.77.2-02 (COMMUNITY; Linux; 6.12.5-linuxkit; amd64; 17.0.14)" [qtp110282615-718]
[01/Mar/2025:16:12:50 +0000] - "GET https://clm.sonatype.com/user-telemetry/v1/rte/v1/inapp?p=AP-YFGMCGUNNIFB-2&sv=0.53.0&v=AP-YFGMCGUNNIFB-2-1740845548163-51245834&vt=2&ai=a2e3917a-4f22-4c24-8671-436b74b600a2&s=AP-YFGMCGUNNIFB-2-1740845548163-65719136&sc=https%3A%2F%2F&ho=obfuscated-rm-base.example.com&pa=%2F&q=&ha=&u=obfuscated-rm-base.example.com%2F&gcx=%7B%22rm_serverVersion%22%3A%223.77.2-02%22%7D&cb=1740845569899-5572 HTTP/1.1" 200 0 126 "Nexus/3.77.2-02 (COMMUNITY; Linux; 6.12.5-linuxkit; amd64; 17.0.14)" [qtp110282615-118]
[01/Mar/2025:16:12:50 +0000] - "POST https://clm.sonatype.com/user-telemetry/v1/rte/v2/command?p=AP-YFGMCGUNNIFB-2&et=click HTTP/1.1" 200 69 192 "Nexus/3.77.2-02 (COMMUNITY; Linux; 6.12.5-linuxkit; amd64; 17.0.14)" [qtp110282615-718]
[01/Mar/2025:16:12:50 +0000] - "POST https://clm.sonatype.com/user-telemetry/v1/rte/v2/command?p=AP-YFGMCGUNNIFB-2&et=pageview HTTP/1.1" 200 69 195 "Nexus/3.77.2-02 (COMMUNITY; Linux; 6.12.5-linuxkit; amd64; 17.0.14)" [qtp110282615-719]
[01/Mar/2025:16:12:51 +0000] - "GET https://clm.sonatype.com/user-telemetry/v1/rte/v1/inapp?p=AP-YFGMCGUNNIFB-2&sv=0.53.0&v=AP-YFGMCGUNNIFB-2-1740845548163-51245834&vt=2&ai=a2e3917a-4f22-4c24-8671-436b74b600a2&s=AP-YFGMCGUNNIFB-2-1740845548163-65719136&sc=https%3A%2F%2F&ho=obfuscated-rm-base.example.com&pa=%2F&q=&ha=&u=obfuscated-rm-base.example.com%2F&gcx=%7B%22rm_serverVersion%22%3A%223.77.2-02%22%7D&cb=1740845571393-8648 HTTP/1.1" 200 0 77 "Nexus/3.77.2-02 (COMMUNITY; Linux; 6.12.5-linuxkit; amd64; 17.0.14)" [qtp110282615-118]
[01/Mar/2025:16:12:52 +0000] - "POST https://clm.sonatype.com/user-telemetry/v1/rte/v2/command?p=AP-YFGMCGUNNIFB-2&et=click HTTP/1.1" 200 69 70 "Nexus/3.77.2-02 (COMMUNITY; Linux; 6.12.5-linuxkit; amd64; 17.0.14)" [qtp110282615-719]
[01/Mar/2025:16:12:52 +0000] - "GET https://clm.sonatype.com/user-telemetry/v1/rte/v1/inapp?p=AP-YFGMCGUNNIFB-2&sv=0.53.0&v=AP-YFGMCGUNNIFB-2-1740845548163-51245834&vt=2&ai=a2e3917a-4f22-4c24-8671-436b74b600a2&s=AP-YFGMCGUNNIFB-2-1740845548163-65719136&sc=https%3A%2F%2F&ho=obfuscated-rm-base.example.com&pa=%2F&q=&ha=&u=obfuscated-rm-base.example.com%2F&gcx=%7B%22rm_serverVersion%22%3A%223.77.2-02%22%7D&cb=1740845572676-7647 HTTP/1.1" 200 0 71 "Nexus/3.77.2-02 (COMMUNITY; Linux; 6.12.5-linuxkit; amd64; 17.0.14)" [qtp110282615-118]
[01/Mar/2025:16:12:53 +0000] - "POST https://clm.sonatype.com/user-telemetry/v1/rte/v2/command?p=AP-YFGMCGUNNIFB-2&et=click HTTP/1.1" 200 69 68 "Nexus/3.77.2-02 (COMMUNITY; Linux; 6.12.5-linuxkit; amd64; 17.0.14)" [qtp110282615-118]
[01/Mar/2025:16:12:54 +0000] - "GET https://clm.sonatype.com/user-telemetry/v1/rte/v1/inapp?p=AP-YFGMCGUNNIFB-2&sv=0.53.0&v=AP-YFGMCGUNNIFB-2-1740845548163-51245834&vt=2&ai=a2e3917a-4f22-4c24-8671-436b74b600a2&s=AP-YFGMCGUNNIFB-2-1740845548163-65719136&sc=https%3A%2F%2F&ho=obfuscated-rm-base.example.com&pa=%2F&q=&ha=&u=obfuscated-rm-base.example.com%2F&gcx=%7B%22rm_serverVersion%22%3A%223.77.2-02%22%7D&cb=1740845574506-3447 HTTP/1.1" 200 0 70 "Nexus/3.77.2-02 (COMMUNITY; Linux; 6.12.5-linuxkit; amd64; 17.0.14)" [qtp110282615-719]
[01/Mar/2025:16:12:55 +0000] - "POST https://clm.sonatype.com/user-telemetry/v1/rte/v2/command?p=AP-YFGMCGUNNIFB-2&et=pageview HTTP/1.1" 200 69 82 "Nexus/3.77.2-02 (COMMUNITY; Linux; 6.12.5-linuxkit; amd64; 17.0.14)" [qtp110282615-125]
[01/Mar/2025:16:12:55 +0000] - "POST https://clm.sonatype.com/user-telemetry/v1/rte/v2/command?p=AP-YFGMCGUNNIFB-2&et=linkClick HTTP/1.1" 200 69 100 "Nexus/3.77.2-02 (COMMUNITY; Linux; 6.12.5-linuxkit; amd64; 17.0.14)" [qtp110282615-118]
[01/Mar/2025:16:12:55 +0000] - "GET https://clm.sonatype.com/user-telemetry/v1/rte/v1/inapp?p=AP-YFGMCGUNNIFB-2&sv=0.53.0&v=AP-YFGMCGUNNIFB-2-1740845548163-51245834&vt=2&ai=a2e3917a-4f22-4c24-8671-436b74b600a2&s=AP-YFGMCGUNNIFB-2-1740845548163-65719136&sc=https%3A%2F%2F&ho=obfuscated-rm-base.example.com&pa=%2F&q=&ha=&u=obfuscated-rm-base.example.com%2F&gcx=%7B%22rm_serverVersion%22%3A%223.77.2-02%22%7D&cb=1740845575717-9355 HTTP/1.1" 200 0 73 "Nexus/3.77.2-02 (COMMUNITY; Linux; 6.12.5-linuxkit; amd64; 17.0.14)" [qtp110282615-719]
[01/Mar/2025:16:12:56 +0000] - "POST https://clm.sonatype.com/user-telemetry/v1/rte/v2/command?p=AP-YFGMCGUNNIFB-2&et=linkClick HTTP/1.1" 200 69 92 "Nexus/3.77.2-02 (COMMUNITY; Linux; 6.12.5-linuxkit; amd64; 17.0.14)" [qtp110282615-118]
[01/Mar/2025:16:12:56 +0000] - "POST https://clm.sonatype.com/user-telemetry/v1/rte/v2/command?p=AP-YFGMCGUNNIFB-2&et=pageview HTTP/1.1" 200 69 61 "Nexus/3.77.2-02 (COMMUNITY; Linux; 6.12.5-linuxkit; amd64; 17.0.14)" [qtp110282615-720]
[01/Mar/2025:16:12:57 +0000] - "GET https://clm.sonatype.com/user-telemetry/v1/rte/v1/inapp?p=AP-YFGMCGUNNIFB-2&sv=0.53.0&v=AP-YFGMCGUNNIFB-2-1740845548163-51245834&vt=2&ai=a2e3917a-4f22-4c24-8671-436b74b600a2&s=AP-YFGMCGUNNIFB-2-1740845548163-65719136&sc=https%3A%2F%2F&ho=obfuscated-rm-base.example.com&pa=%2F&q=&ha=&u=obfuscated-rm-base.example.com%2F&gcx=%7B%22rm_serverVersion%22%3A%223.77.2-02%22%7D&cb=1740845576972-8492 HTTP/1.1" 200 0 65 "Nexus/3.77.2-02 (COMMUNITY; Linux; 6.12.5-linuxkit; amd64; 17.0.14)" [qtp110282615-719]
[01/Mar/2025:16:14:05 +0000] - "POST https://clm.sonatype.com/user-telemetry/v1/rte/v2/command?p=AP-YFGMCGUNNIFB-2&et=pageview HTTP/1.1" 200 69 151 "Nexus/3.77.2-02 (COMMUNITY; Linux; 6.12.5-linuxkit; amd64; 17.0.14)" [qtp110282615-118]
[01/Mar/2025:16:14:05 +0000] - "POST https://clm.sonatype.com/user-telemetry/v1/rte/v2/command?p=AP-YFGMCGUNNIFB-2&et=click HTTP/1.1" 200 69 249 "Nexus/3.77.2-02 (COMMUNITY; Linux; 6.12.5-linuxkit; amd64; 17.0.14)" [qtp110282615-716]
[01/Mar/2025:16:14:05 +0000] - "POST https://clm.sonatype.com/user-telemetry/v1/rte/v2/command?p=AP-YFGMCGUNNIFB-2&et=pageview HTTP/1.1" 200 69 190 "Nexus/3.77.2-02 (COMMUNITY; Linux; 6.12.5-linuxkit; amd64; 17.0.14)" [qtp110282615-124]
[01/Mar/2025:16:14:06 +0000] - "GET https://clm.sonatype.com/user-telemetry/v1/rte/v1/inapp?p=AP-YFGMCGUNNIFB-2&sv=0.53.0&v=AP-YFGMCGUNNIFB-2-1740845548163-51245834&vt=2&ai=a2e3917a-4f22-4c24-8671-436b74b600a2&s=AP-YFGMCGUNNIFB-2-1740845548163-65719136&sc=https%3A%2F%2F&ho=obfuscated-rm-base.example.com&pa=%2F&q=&ha=%23user%2Faccount&u=obfuscated-rm-base.example.com%2F%23user%2Faccount&gcx=%7B%22rm_serverVersion%22%3A%223.77.2-02%22%7D&cb=1740845646041-6218 HTTP/1.1" 200 0 124 "Nexus/3.77.2-02 (COMMUNITY; Linux; 6.12.5-linuxkit; amd64; 17.0.14)" [qtp110282615-719]
[01/Mar/2025:16:14:12 +0000] - "POST https://clm.sonatype.com/user-telemetry/v1/rte/v2/command?p=AP-YFGMCGUNNIFB-2&et=click HTTP/1.1" 200 69 131 "Nexus/3.77.2-02 (COMMUNITY; Linux; 6.12.5-linuxkit; amd64; 17.0.14)" [qtp110282615-124]
[01/Mar/2025:16:14:13 +0000] - "GET https://clm.sonatype.com/user-telemetry/v1/rte/v1/inapp?p=AP-YFGMCGUNNIFB-2&sv=0.53.0&v=AP-YFGMCGUNNIFB-2-1740845548163-51245834&vt=2&ai=a2e3917a-4f22-4c24-8671-436b74b600a2&s=AP-YFGMCGUNNIFB-2-1740845548163-65719136&sc=https%3A%2F%2F&ho=obfuscated-rm-base.example.com&pa=%2F&q=&ha=%23user%2Faccount&u=obfuscated-rm-base.example.com%2F%23user%2Faccount&gcx=%7B%22rm_serverVersion%22%3A%223.77.2-02%22%7D&cb=1740845652994-5879 HTTP/1.1" 200 0 126 "Nexus/3.77.2-02 (COMMUNITY; Linux; 6.12.5-linuxkit; amd64; 17.0.14)" [qtp110282615-716]
[01/Mar/2025:16:14:18 +0000] - "POST https://clm.sonatype.com/user-telemetry/v1/rte/v2/command?p=AP-YFGMCGUNNIFB-2&et=click HTTP/1.1" 200 69 122 "Nexus/3.77.2-02 (COMMUNITY; Linux; 6.12.5-linuxkit; amd64; 17.0.14)" [qtp110282615-124]
[01/Mar/2025:16:14:59 +0000] - "GET https://clm.sonatype.com/user-telemetry/v1/rte/api/v1/feature/client?p=AP-YFGMCGUNNIFB-2&sv=0.53.0&v=AP-YFGMCGUNNIFB-2-1740841083805-24681174&ai=6b933aba-006b-4c12-b4b5-a0ddc2adfcf4&vt=2&s=AP-YFGMCGUNNIFB-2-1740841083804-41447368&wsv=0.53.0&cb=1740845699378-9949 HTTP/1.1" 200 40845 151 "Nexus/3.77.2-02 (COMMUNITY; Linux; 6.12.5-linuxkit; amd64; 17.0.14)" [qtp110282615-124]
[01/Mar/2025:16:17:20 +0000] - "GET https://clm.sonatype.com/user-telemetry/v1/rte/api/v1/feature/client?p=AP-YFGMCGUNNIFB-2&sv=0.53.0&v=AP-YFGMCGUNNIFB-2-1740845548163-51245834&vt=2&ai=a2e3917a-4f22-4c24-8671-436b74b600a2&s=AP-YFGMCGUNNIFB-2-1740845548163-65719136&wsv=0.53.0&cb=1740845840432-9757 HTTP/1.1" 200 40845 218 "Nexus/3.77.2-02 (COMMUNITY; Linux; 6.12.5-linuxkit; amd64; 17.0.14)" [qtp110282615-118]
[01/Mar/2025:16:19:14 +0000] - "GET https://rhc.sonatype.com/rest/rhc/scan/71feedfe-44e2be69-535706dd-96db354e-f16d3294/nuget.org-proxy?timestamp=2025-03-01_16%3A19%3A13 HTTP/1.1" 200 64 835 "Nexus/3.77.2-02 (COMMUNITY; Linux; 6.12.5-linuxkit; amd64; 17.0.14)" [quartz-10-thread-3]
[01/Mar/2025:16:19:14 +0000] - "GET https://rhc.sonatype.com/rest/rhc/scan/71feedfe-44e2be69-535706dd-96db354e-f16d3294/maven-central?timestamp=2025-03-01_16%3A19%3A14 HTTP/1.1" 200 64 335 "Nexus/3.77.2-02 (COMMUNITY; Linux; 6.12.5-linuxkit; amd64; 17.0.14)" [quartz-10-thread-2]
[01/Mar/2025:16:19:38 +0000] - "GET https://rhc.sonatype.com/rest/component/details/firewall/malicious-risk/enabledRegistries HTTP/1.1" 200 -1 78 "Nexus/3.77.2-02 (COMMUNITY; Linux; 6.12.5-linuxkit; amd64; 17.0.14)" [quartz-10-thread-4]
[01/Mar/2025:16:19:53 +0000] - "GET https://clm.sonatype.com/user-telemetry/v1/rte/v1/configuration/AP-YFGMCGUNNIFB-2?ai=a2e3917a-4f22-4c24-8671-436b74b600a2 HTTP/1.1" 200 2138 263 "Nexus/3.77.2-02 (COMMUNITY; Linux; 6.12.5-linuxkit; amd64; 17.0.14)" [qtp1008317906-120]
[01/Mar/2025:16:19:53 +0000] - "GET https://clm.sonatype.com/user-telemetry/v1/rte/v2/kc?s=AP-YFGMCGUNNIFB-2-1740841083804-41447368&p=AP-YFGMCGUNNIFB-2 HTTP/1.1" 200 0 119 "Nexus/3.77.2-02 (COMMUNITY; Linux; 6.12.5-linuxkit; amd64; 17.0.14)" [qtp1008317906-120]
[01/Mar/2025:16:20:00 +0000] - "GET https://clm.sonatype.com/user-telemetry/v1/rte/api/v1/feature/client?p=AP-YFGMCGUNNIFB-2&sv=0.53.0&v=AP-YFGMCGUNNIFB-2-1740841083805-24681174&ai=6b933aba-006b-4c12-b4b5-a0ddc2adfcf4&vt=2&s=AP-YFGMCGUNNIFB-2-1740841083804-41447368&wsv=0.53.0&cb=1740845999848-4533 HTTP/1.1" 200 40845 177 "Nexus/3.77.2-02 (COMMUNITY; Linux; 6.12.5-linuxkit; amd64; 17.0.14)" [qtp1008317906-117]
[01/Mar/2025:16:21:01 +0000] - "GET https://rhc.sonatype.com/rest/rhc/extras/maliciousContent/71feedfe-44e2be69-535706dd-96db354e-f16d3294 HTTP/1.1" 200 39 190 "Nexus/3.77.2-02 (COMMUNITY; Linux; 6.12.5-linuxkit; amd64; 17.0.14)" [qtp1008317906-120]
[01/Mar/2025:16:21:02 +0000] - "GET https://links.sonatype.com/products/nexus/outreach/community/3.77.2-02/en/none HTTP/1.1" 302 -1 190 "Nexus/3.77.2-02 (COMMUNITY; Linux; 6.12.5-linuxkit; amd64; 17.0.14)" [pool-5-thread-1]
[01/Mar/2025:16:21:02 +0000] - "GET https://clm.sonatype.com/user-telemetry/v1/rte/v1/configuration/AP-YFGMCGUNNIFB-2?ai=a2e3917a-4f22-4c24-8671-436b74b600a2 HTTP/1.1" 200 2138 201 "Nexus/3.77.2-02 (COMMUNITY; Linux; 6.12.5-linuxkit; amd64; 17.0.14)" [qtp1008317906-120]
[01/Mar/2025:16:21:02 +0000] - "GET https://download.sonatype.com/nexus/outreach/community-en-all-none.zip HTTP/1.1" 302 138 297 "Nexus/3.77.2-02 (COMMUNITY; Linux; 6.12.5-linuxkit; amd64; 17.0.14)" [pool-5-thread-1]
[01/Mar/2025:16:21:02 +0000] - "GET https://clm.sonatype.com/user-telemetry/v1/rte/v2/kc?s=AP-YFGMCGUNNIFB-2-1740845548163-65719136&p=AP-YFGMCGUNNIFB-2 HTTP/1.1" 200 0 155 "Nexus/3.77.2-02 (COMMUNITY; Linux; 6.12.5-linuxkit; amd64; 17.0.14)" [qtp1008317906-716]
[01/Mar/2025:16:21:02 +0000] - "GET https://clm.sonatype.com/user-telemetry/v1/rte/api/v1/feature/client?p=AP-YFGMCGUNNIFB-2&sv=0.53.0&v=AP-YFGMCGUNNIFB-2-1740845548163-51245834&vt=2&ai=a2e3917a-4f22-4c24-8671-436b74b600a2&s=AP-YFGMCGUNNIFB-2-1740845548163-65719136&wsv=0.53.0&cb=1740846062196-5419 HTTP/1.1" 200 40845 201 "Nexus/3.77.2-02 (COMMUNITY; Linux; 6.12.5-linuxkit; amd64; 17.0.14)" [qtp1008317906-116]
[01/Mar/2025:16:21:02 +0000] - "POST https://clm.sonatype.com/user-telemetry/v1/rte/v2/command?p=AP-YFGMCGUNNIFB-2&et=pageview HTTP/1.1" 200 69 195 "Nexus/3.77.2-02 (COMMUNITY; Linux; 6.12.5-linuxkit; amd64; 17.0.14)" [qtp1008317906-123]
[01/Mar/2025:16:21:02 +0000] - "GET https://clm.sonatype.com/user-telemetry/v1/style.css?a=AP-YFGMCGUNNIFB-2 HTTP/1.1" 200 52896 218 "Nexus/3.77.2-02 (COMMUNITY; Linux; 6.12.5-linuxkit; amd64; 17.0.14)" [qtp1008317906-121]
[01/Mar/2025:16:21:02 +0000] - "POST https://clm.sonatype.com/user-telemetry/v1/rte/v2/command?p=AP-YFGMCGUNNIFB-2&et=identify HTTP/1.1" 200 69 218 "Nexus/3.77.2-02 (COMMUNITY; Linux; 6.12.5-linuxkit; amd64; 17.0.14)" [qtp1008317906-117]
[01/Mar/2025:16:21:02 +0000] - "GET https://sonatype-download.global.ssl.fastly.net/nexus/outreach/community-en-all-none.zip HTTP/1.1" 302 138 135 "Nexus/3.77.2-02 (COMMUNITY; Linux; 6.12.5-linuxkit; amd64; 17.0.14)" [pool-5-thread-1]
[01/Mar/2025:16:21:02 +0000] - "GET https://sonatype-download.global.ssl.fastly.net/repository/downloads-prod-group/outreach/B/community-en-all-none.zip HTTP/1.1" 200 365809 22 "Nexus/3.77.2-02 (COMMUNITY; Linux; 6.12.5-linuxkit; amd64; 17.0.14)" [pool-5-thread-1]
[01/Mar/2025:16:21:02 +0000] - "POST https://clm.sonatype.com/user-telemetry/v1/rte/v2/command?p=AP-YFGMCGUNNIFB-2&et=sessionInitialized HTTP/1.1" 200 69 122 "Nexus/3.77.2-02 (COMMUNITY; Linux; 6.12.5-linuxkit; amd64; 17.0.14)" [qtp1008317906-718]
[01/Mar/2025:16:21:03 +0000] - "GET https://clm.sonatype.com/user-telemetry/v1/rte/v2/kc?s=AP-YFGMCGUNNIFB-2-1740846062466-44378276&p=AP-YFGMCGUNNIFB-2 HTTP/1.1" 200 0 122 "Nexus/3.77.2-02 (COMMUNITY; Linux; 6.12.5-linuxkit; amd64; 17.0.14)" [qtp1008317906-117]
[01/Mar/2025:16:21:03 +0000] - "GET https://clm.sonatype.com/user-telemetry/v1/rte/v1/inapp?p=AP-YFGMCGUNNIFB-2&sv=0.53.0&v=AP-YFGMCGUNNIFB-2-1740846062466-36575947&vt=2&ai=6b933aba-006b-4c12-b4b5-a0ddc2adfcf4&s=AP-YFGMCGUNNIFB-2-1740845548163-65719136&sc=https%3A%2F%2F&ho=obfuscated-rm-base.example.com&pa=%2F&q=&ha=&u=obfuscated-rm-base.example.com%2F&gcx=%7B%22rm_serverVersion%22%3A%223.77.2-02%22%7D&cb=1740846062948-9555 HTTP/1.1" 200 0 131 "Nexus/3.77.2-02 (COMMUNITY; Linux; 6.12.5-linuxkit; amd64; 17.0.14)" [qtp1008317906-120]
[01/Mar/2025:16:21:03 +0000] - "GET https://clm.sonatype.com/user-telemetry/v1/rte/v2/kc?s=AP-YFGMCGUNNIFB-2-1740846062466-44378276&p=AP-YFGMCGUNNIFB-2 HTTP/1.1" 200 0 126 "Nexus/3.77.2-02 (COMMUNITY; Linux; 6.12.5-linuxkit; amd64; 17.0.14)" [qtp1008317906-718]
[01/Mar/2025:16:21:03 +0000] - "POST https://clm.sonatype.com/user-telemetry/v1/rte/v2/command?p=AP-YFGMCGUNNIFB-2&et=pageview HTTP/1.1" 200 69 120 "Nexus/3.77.2-02 (COMMUNITY; Linux; 6.12.5-linuxkit; amd64; 17.0.14)" [qtp1008317906-717]
[01/Mar/2025:16:21:03 +0000] - "POST https://clm.sonatype.com/user-telemetry/v1/rte/v2/command?p=AP-YFGMCGUNNIFB-2&et=click HTTP/1.1" 200 69 209 "Nexus/3.77.2-02 (COMMUNITY; Linux; 6.12.5-linuxkit; amd64; 17.0.14)" [qtp1008317906-120]
[01/Mar/2025:16:21:04 +0000] - "GET https://clm.sonatype.com/user-telemetry/v1/rte/v1/inapp?p=AP-YFGMCGUNNIFB-2&sv=0.53.0&v=AP-YFGMCGUNNIFB-2-1740846062466-36575947&vt=2&ai=6b933aba-006b-4c12-b4b5-a0ddc2adfcf4&s=AP-YFGMCGUNNIFB-2-1740846062466-44378276&sc=https%3A%2F%2F&ho=obfuscated-rm-base.example.com&pa=%2F&q=&ha=&u=obfuscated-rm-base.example.com%2F&gcx=%7B%22rm_serverVersion%22%3A%223.77.2-02%22%7D&cb=1740846064281-9658 HTTP/1.1" 200 0 127 "Nexus/3.77.2-02 (COMMUNITY; Linux; 6.12.5-linuxkit; amd64; 17.0.14)" [qtp1008317906-718]
[01/Mar/2025:16:21:05 +0000] - "GET https://clm.sonatype.com/user-telemetry/v1/rte/v2/kc?s=AP-YFGMCGUNNIFB-2-1740846062466-44378276&p=AP-YFGMCGUNNIFB-2 HTTP/1.1" 200 0 203 "Nexus/3.77.2-02 (COMMUNITY; Linux; 6.12.5-linuxkit; amd64; 17.0.14)" [qtp1008317906-120]
[01/Mar/2025:16:21:05 +0000] - "POST https://clm.sonatype.com/user-telemetry/v1/rte/v2/command?p=AP-YFGMCGUNNIFB-2&et=click HTTP/1.1" 200 69 131 "Nexus/3.77.2-02 (COMMUNITY; Linux; 6.12.5-linuxkit; amd64; 17.0.14)" [qtp1008317906-718]
[01/Mar/2025:16:21:06 +0000] - "GET https://clm.sonatype.com/user-telemetry/v1/rte/v1/inapp?p=AP-YFGMCGUNNIFB-2&sv=0.53.0&v=AP-YFGMCGUNNIFB-2-1740846062466-36575947&vt=2&ai=6b933aba-006b-4c12-b4b5-a0ddc2adfcf4&s=AP-YFGMCGUNNIFB-2-1740846062466-44378276&sc=https%3A%2F%2F&ho=obfuscated-rm-base.example.com&pa=%2F&q=&ha=&u=obfuscated-rm-base.example.com%2F&gcx=%7B%22rm_serverVersion%22%3A%223.77.2-02%22%7D&cb=1740846066222-2722 HTTP/1.1" 200 0 130 "Nexus/3.77.2-02 (COMMUNITY; Linux; 6.12.5-linuxkit; amd64; 17.0.14)" [qtp1008317906-120]
[01/Mar/2025:16:21:08 +0000] - "POST https://clm.sonatype.com/user-telemetry/v1/rte/v2/command?p=AP-YFGMCGUNNIFB-2&et=click HTTP/1.1" 200 69 130 "Nexus/3.77.2-02 (COMMUNITY; Linux; 6.12.5-linuxkit; amd64; 17.0.14)" [qtp1008317906-718]
[01/Mar/2025:16:21:08 +0000] - "POST https://clm.sonatype.com/user-telemetry/v1/rte/v2/command?p=AP-YFGMCGUNNIFB-2&et=pageview HTTP/1.1" 200 69 122 "Nexus/3.77.2-02 (COMMUNITY; Linux; 6.12.5-linuxkit; amd64; 17.0.14)" [qtp1008317906-719]
[01/Mar/2025:16:21:08 +0000] - "POST https://clm.sonatype.com/user-telemetry/v1/rte/v2/command?p=AP-YFGMCGUNNIFB-2&et=identify HTTP/1.1" 200 69 144 "Nexus/3.77.2-02 (COMMUNITY; Linux; 6.12.5-linuxkit; amd64; 17.0.14)" [qtp1008317906-122]
[01/Mar/2025:16:21:08 +0000] - "POST https://clm.sonatype.com/user-telemetry/v1/rte/v2/command?p=AP-YFGMCGUNNIFB-2&et=sessionInitialized HTTP/1.1" 200 69 128 "Nexus/3.77.2-02 (COMMUNITY; Linux; 6.12.5-linuxkit; amd64; 17.0.14)" [qtp1008317906-720]
[01/Mar/2025:16:21:09 +0000] - "GET https://clm.sonatype.com/user-telemetry/v1/rte/v2/kc?s=AP-YFGMCGUNNIFB-2-1740846068381-16977249&p=AP-YFGMCGUNNIFB-2 HTTP/1.1" 200 0 123 "Nexus/3.77.2-02 (COMMUNITY; Linux; 6.12.5-linuxkit; amd64; 17.0.14)" [qtp1008317906-718]
[01/Mar/2025:16:21:09 +0000] - "GET https://clm.sonatype.com/user-telemetry/v1/rte/v1/inapp?p=AP-YFGMCGUNNIFB-2&sv=0.53.0&v=AP-YFGMCGUNNIFB-2-1740846068381-41238578&vt=2&ai=a2e3917a-4f22-4c24-8671-436b74b600a2&s=AP-YFGMCGUNNIFB-2-1740846062466-44378276&sc=https%3A%2F%2F&ho=obfuscated-rm-base.example.com&pa=%2F&q=&ha=&u=obfuscated-rm-base.example.com%2F&gcx=%7B%22rm_serverVersion%22%3A%223.77.2-02%22%7D&cb=1740846068868-9818 HTTP/1.1" 200 0 128 "Nexus/3.77.2-02 (COMMUNITY; Linux; 6.12.5-linuxkit; amd64; 17.0.14)" [qtp1008317906-720]
[01/Mar/2025:16:21:09 +0000] - "GET https://clm.sonatype.com/user-telemetry/v1/rte/v2/kc?s=AP-YFGMCGUNNIFB-2-1740846068381-16977249&p=AP-YFGMCGUNNIFB-2 HTTP/1.1" 200 0 118 "Nexus/3.77.2-02 (COMMUNITY; Linux; 6.12.5-linuxkit; amd64; 17.0.14)" [qtp1008317906-116]
[01/Mar/2025:16:21:10 +0000] - "GET https://clm.sonatype.com/user-telemetry/v1/rte/v2/kc?s=AP-YFGMCGUNNIFB-2-1740846068381-16977249&p=AP-YFGMCGUNNIFB-2 HTTP/1.1" 200 0 139 "Nexus/3.77.2-02 (COMMUNITY; Linux; 6.12.5-linuxkit; amd64; 17.0.14)" [qtp1008317906-720]
[01/Mar/2025:16:21:15 +0000] - "POST https://clm.sonatype.com/user-telemetry/v1/rte/v2/command?p=AP-YFGMCGUNNIFB-2&et=click HTTP/1.1" 200 69 133 "Nexus/3.77.2-02 (COMMUNITY; Linux; 6.12.5-linuxkit; amd64; 17.0.14)" [qtp1008317906-720]
[01/Mar/2025:16:26:31 +0000] - "GET https://rhc.sonatype.com/rest/rhc/scan/71feedfe-44e2be69-535706dd-96db354e-f16d3294/maven-central?timestamp=2025-03-01_16%3A26%3A31 HTTP/1.1" 200 64 915 "Nexus/3.77.2-02 (COMMUNITY; Linux; 6.12.5-linuxkit; amd64; 17.0.14)" [quartz-10-thread-2]
[01/Mar/2025:16:26:32 +0000] - "GET https://rhc.sonatype.com/rest/rhc/scan/71feedfe-44e2be69-535706dd-96db354e-f16d3294/nuget.org-proxy?timestamp=2025-03-01_16%3A26%3A32 HTTP/1.1" 200 64 264 "Nexus/3.77.2-02 (COMMUNITY; Linux; 6.12.5-linuxkit; amd64; 17.0.14)" [quartz-10-thread-3]
[01/Mar/2025:16:26:42 +0000] - "GET https://rhc.sonatype.com/rest/rhc/extras/maliciousContent/71feedfe-44e2be69-535706dd-96db354e-f16d3294 HTTP/1.1" 200 39 483 "Nexus/3.77.2-02 (COMMUNITY; Linux; 6.12.5-linuxkit; amd64; 17.0.14)" [qtp1359578436-694]
[01/Mar/2025:16:26:43 +0000] - "GET https://clm.sonatype.com/user-telemetry/v1/rte/v1/configuration/AP-YFGMCGUNNIFB-2?ai=a2e3917a-4f22-4c24-8671-436b74b600a2 HTTP/1.1" 200 2138 260 "Nexus/3.77.2-02 (COMMUNITY; Linux; 6.12.5-linuxkit; amd64; 17.0.14)" [qtp1359578436-700]
[01/Mar/2025:16:26:43 +0000] - "GET https://clm.sonatype.com/user-telemetry/v1/style.css?a=AP-YFGMCGUNNIFB-2 HTTP/1.1" 200 52896 181 "Nexus/3.77.2-02 (COMMUNITY; Linux; 6.12.5-linuxkit; amd64; 17.0.14)" [qtp1359578436-693]
[01/Mar/2025:16:26:44 +0000] - "GET https://clm.sonatype.com/user-telemetry/v1/rte/api/v1/feature/client?p=AP-YFGMCGUNNIFB-2&sv=0.53.0&v=AP-YFGMCGUNNIFB-2-1740846068381-41238578&vt=2&ai=a2e3917a-4f22-4c24-8671-436b74b600a2&s=AP-YFGMCGUNNIFB-2-1740846068381-16977249&wsv=0.53.0&cb=1740846403775-3682 HTTP/1.1" 200 40845 194 "Nexus/3.77.2-02 (COMMUNITY; Linux; 6.12.5-linuxkit; amd64; 17.0.14)" [qtp1359578436-696]
[01/Mar/2025:16:26:44 +0000] - "GET https://clm.sonatype.com/user-telemetry/v1/rte/v2/kc?s=AP-YFGMCGUNNIFB-2-1740846068381-16977249&p=AP-YFGMCGUNNIFB-2 HTTP/1.1" 200 0 233 "Nexus/3.77.2-02 (COMMUNITY; Linux; 6.12.5-linuxkit; amd64; 17.0.14)" [qtp1359578436-700]
[01/Mar/2025:16:26:44 +0000] - "POST https://clm.sonatype.com/user-telemetry/v1/rte/v2/command?p=AP-YFGMCGUNNIFB-2&et=identify HTTP/1.1" 200 69 251 "Nexus/3.77.2-02 (COMMUNITY; Linux; 6.12.5-linuxkit; amd64; 17.0.14)" [qtp1359578436-697]
[01/Mar/2025:16:26:44 +0000] - "GET https://clm.sonatype.com/user-telemetry/v1/rte/v2/kc?s=AP-YFGMCGUNNIFB-2-1740846404066-53277597&p=AP-YFGMCGUNNIFB-2 HTTP/1.1" 200 0 136 "Nexus/3.77.2-02 (COMMUNITY; Linux; 6.12.5-linuxkit; amd64; 17.0.14)" [qtp1359578436-691]
[01/Mar/2025:16:26:46 +0000] - "GET https://clm.sonatype.com/user-telemetry/v1/rte/v2/kc?s=AP-YFGMCGUNNIFB-2-1740846404066-53277597&p=AP-YFGMCGUNNIFB-2 HTTP/1.1" 200 0 141 "Nexus/3.77.2-02 (COMMUNITY; Linux; 6.12.5-linuxkit; amd64; 17.0.14)" [qtp1359578436-697]
[01/Mar/2025:16:26:49 +0000] - "POST https://clm.sonatype.com/user-telemetry/v1/rte/v2/command?p=AP-YFGMCGUNNIFB-2&et=identify HTTP/1.1" 200 69 117 "Nexus/3.77.2-02 (COMMUNITY; Linux; 6.12.5-linuxkit; amd64; 17.0.14)" [qtp1359578436-693]
[01/Mar/2025:16:26:50 +0000] - "GET https://clm.sonatype.com/user-telemetry/v1/rte/v2/kc?s=AP-YFGMCGUNNIFB-2-1740846409802-77599565&p=AP-YFGMCGUNNIFB-2 HTTP/1.1" 200 0 131 "Nexus/3.77.2-02 (COMMUNITY; Linux; 6.12.5-linuxkit; amd64; 17.0.14)" [qtp1359578436-691]
[01/Mar/2025:16:26:52 +0000] - "GET https://clm.sonatype.com/user-telemetry/v1/rte/v2/kc?s=AP-YFGMCGUNNIFB-2-1740846409802-77599565&p=AP-YFGMCGUNNIFB-2 HTTP/1.1" 200 0 210 "Nexus/3.77.2-02 (COMMUNITY; Linux; 6.12.5-linuxkit; amd64; 17.0.14)" [qtp1359578436-700]
[01/Mar/2025:16:26:56 +0000] - "GET https://rhc.sonatype.com/rest/component/details/firewall/malicious-risk/enabledRegistries HTTP/1.1" 200 -1 73 "Nexus/3.77.2-02 (COMMUNITY; Linux; 6.12.5-linuxkit; amd64; 17.0.14)" [quartz-10-thread-4]
[01/Mar/2025:16:29:53 +0000] - "GET https://clm.sonatype.com/user-telemetry/v1/rte/v1/configuration/AP-YFGMCGUNNIFB-2?ai=a2e3917a-4f22-4c24-8671-436b74b600a2 HTTP/1.1" 200 2138 260 "Nexus/3.77.2-02 (COMMUNITY; Linux; 6.12.5-linuxkit; amd64; 17.0.14)" [qtp1359578436-693]
[01/Mar/2025:16:29:53 +0000] - "GET https://clm.sonatype.com/user-telemetry/v1/rte/v2/kc?s=AP-YFGMCGUNNIFB-2-1740841083804-41447368&p=AP-YFGMCGUNNIFB-2 HTTP/1.1" 200 0 126 "Nexus/3.77.2-02 (COMMUNITY; Linux; 6.12.5-linuxkit; amd64; 17.0.14)" [qtp1359578436-691]
[01/Mar/2025:16:30:01 +0000] - "GET https://clm.sonatype.com/user-telemetry/v1/rte/api/v1/feature/client?p=AP-YFGMCGUNNIFB-2&sv=0.53.0&v=AP-YFGMCGUNNIFB-2-1740841083805-24681174&ai=6b933aba-006b-4c12-b4b5-a0ddc2adfcf4&vt=2&s=AP-YFGMCGUNNIFB-2-1740841083804-41447368&wsv=0.53.0&cb=1740846601014-6986 HTTP/1.1" 200 40845 72 "Nexus/3.77.2-02 (COMMUNITY; Linux; 6.12.5-linuxkit; amd64; 17.0.14)" [qtp1359578436-693]
[01/Mar/2025:16:31:44 +0000] - "GET https://clm.sonatype.com/user-telemetry/v1/rte/api/v1/feature/client?p=AP-YFGMCGUNNIFB-2&sv=0.53.0&v=AP-YFGMCGUNNIFB-2-1740846409802-96463679&vt=2&ai=a2e3917a-4f22-4c24-8671-436b74b600a2&s=AP-YFGMCGUNNIFB-2-1740846409802-77599565&wsv=0.53.0&cb=1740846703791-2768 HTTP/1.1" 200 40845 204 "Nexus/3.77.2-02 (COMMUNITY; Linux; 6.12.5-linuxkit; amd64; 17.0.14)" [qtp1359578436-692]
[01/Mar/2025:16:35:01 +0000] - "GET https://clm.sonatype.com/user-telemetry/v1/rte/api/v1/feature/client?p=AP-YFGMCGUNNIFB-2&sv=0.53.0&v=AP-YFGMCGUNNIFB-2-1740841083805-24681174&ai=6b933aba-006b-4c12-b4b5-a0ddc2adfcf4&vt=2&s=AP-YFGMCGUNNIFB-2-1740841083804-41447368&wsv=0.53.0&cb=1740846901703-9245 HTTP/1.1" 200 40845 208 "Nexus/3.77.2-02 (COMMUNITY; Linux; 6.12.5-linuxkit; amd64; 17.0.14)" [qtp1359578436-120]
[01/Mar/2025:16:36:43 +0000] - "GET https://clm.sonatype.com/user-telemetry/v1/rte/v1/configuration/AP-YFGMCGUNNIFB-2?ai=a2e3917a-4f22-4c24-8671-436b74b600a2 HTTP/1.1" 200 2138 190 "Nexus/3.77.2-02 (COMMUNITY; Linux; 6.12.5-linuxkit; amd64; 17.0.14)" [qtp1359578436-120]
[01/Mar/2025:16:36:43 +0000] - "GET https://clm.sonatype.com/user-telemetry/v1/rte/v2/kc?s=AP-YFGMCGUNNIFB-2-1740846409802-77599565&p=AP-YFGMCGUNNIFB-2 HTTP/1.1" 200 0 71 "Nexus/3.77.2-02 (COMMUNITY; Linux; 6.12.5-linuxkit; amd64; 17.0.14)" [qtp1359578436-699]
[01/Mar/2025:16:36:44 +0000] - "GET https://clm.sonatype.com/user-telemetry/v1/rte/api/v1/feature/client?p=AP-YFGMCGUNNIFB-2&sv=0.53.0&v=AP-YFGMCGUNNIFB-2-1740846409802-96463679&vt=2&ai=a2e3917a-4f22-4c24-8671-436b74b600a2&s=AP-YFGMCGUNNIFB-2-1740846409802-77599565&wsv=0.53.0&cb=1740847003800-2624 HTTP/1.1" 200 40845 197 "Nexus/3.77.2-02 (COMMUNITY; Linux; 6.12.5-linuxkit; amd64; 17.0.14)" [qtp1359578436-690]
[01/Mar/2025:16:38:32 +0000] - "GET https://rhc.sonatype.com/rest/rhc/scan/71feedfe-44e2be69-535706dd-96db354e-f16d3294/maven-central?timestamp=2025-03-01_16%3A38%3A29 HTTP/1.1" 200 65 2694 "Nexus/3.77.2-02 (COMMUNITY; Linux; 6.12.5-linuxkit; amd64; 17.0.14)" [quartz-10-thread-2]
[01/Mar/2025:16:38:32 +0000] - "GET https://rhc.sonatype.com/rest/rhc/extras/maliciousContent/71feedfe-44e2be69-535706dd-96db354e-f16d3294 HTTP/1.1" 200 39 249 "Nexus/3.77.2-02 (COMMUNITY; Linux; 6.12.5-linuxkit; amd64; 17.0.14)" [qtp685045802-705]
[01/Mar/2025:16:38:32 +0000] - "GET https://rhc.sonatype.com/rest/rhc/scan/71feedfe-44e2be69-535706dd-96db354e-f16d3294/nuget.org-proxy?timestamp=2025-03-01_16%3A38%3A32 HTTP/1.1" 200 65 73 "Nexus/3.77.2-02 (COMMUNITY; Linux; 6.12.5-linuxkit; amd64; 17.0.14)" [quartz-10-thread-3]
[01/Mar/2025:16:38:34 +0000] - "GET https://clm.sonatype.com/user-telemetry/v1/rte/v1/configuration/AP-YFGMCGUNNIFB-2?ai=a2e3917a-4f22-4c24-8671-436b74b600a2 HTTP/1.1" 200 2138 187 "Nexus/3.77.2-02 (COMMUNITY; Linux; 6.12.5-linuxkit; amd64; 17.0.14)" [qtp685045802-702]
[01/Mar/2025:16:38:34 +0000] - "GET https://clm.sonatype.com/user-telemetry/v1/rte/v2/kc?s=AP-YFGMCGUNNIFB-2-1740846409802-77599565&p=AP-YFGMCGUNNIFB-2 HTTP/1.1" 200 0 94 "Nexus/3.77.2-02 (COMMUNITY; Linux; 6.12.5-linuxkit; amd64; 17.0.14)" [qtp685045802-120]
[01/Mar/2025:16:38:34 +0000] - "GET https://clm.sonatype.com/user-telemetry/v1/rte/api/v1/feature/client?p=AP-YFGMCGUNNIFB-2&sv=0.53.0&v=AP-YFGMCGUNNIFB-2-1740846409802-96463679&vt=2&ai=a2e3917a-4f22-4c24-8671-436b74b600a2&s=AP-YFGMCGUNNIFB-2-1740846409802-77599565&wsv=0.53.0&cb=1740847114194-7435 HTTP/1.1" 200 40845 209 "Nexus/3.77.2-02 (COMMUNITY; Linux; 6.12.5-linuxkit; amd64; 17.0.14)" [qtp685045802-708]
[01/Mar/2025:16:38:34 +0000] - "POST https://clm.sonatype.com/user-telemetry/v1/rte/v2/command?p=AP-YFGMCGUNNIFB-2&et=identify HTTP/1.1" 200 69 218 "Nexus/3.77.2-02 (COMMUNITY; Linux; 6.12.5-linuxkit; amd64; 17.0.14)" [qtp685045802-702]
[01/Mar/2025:16:38:34 +0000] - "GET https://clm.sonatype.com/user-telemetry/v1/style.css?a=AP-YFGMCGUNNIFB-2 HTTP/1.1" 200 52896 279 "Nexus/3.77.2-02 (COMMUNITY; Linux; 6.12.5-linuxkit; amd64; 17.0.14)" [qtp685045802-703]
[01/Mar/2025:16:38:35 +0000] - "GET https://clm.sonatype.com/user-telemetry/v1/rte/v2/kc?s=AP-YFGMCGUNNIFB-2-1740847114449-12139498&p=AP-YFGMCGUNNIFB-2 HTTP/1.1" 200 0 59 "Nexus/3.77.2-02 (COMMUNITY; Linux; 6.12.5-linuxkit; amd64; 17.0.14)" [qtp685045802-704]
[01/Mar/2025:16:38:36 +0000] - "GET https://clm.sonatype.com/user-telemetry/v1/rte/v2/kc?s=AP-YFGMCGUNNIFB-2-1740847114449-12139498&p=AP-YFGMCGUNNIFB-2 HTTP/1.1" 200 0 79 "Nexus/3.77.2-02 (COMMUNITY; Linux; 6.12.5-linuxkit; amd64; 17.0.14)" [qtp685045802-703]
[01/Mar/2025:16:38:37 +0000] - "POST https://clm.sonatype.com/user-telemetry/v1/rte/v2/command?p=AP-YFGMCGUNNIFB-2&et=identify HTTP/1.1" 200 69 66 "Nexus/3.77.2-02 (COMMUNITY; Linux; 6.12.5-linuxkit; amd64; 17.0.14)" [qtp685045802-704]
[01/Mar/2025:16:38:38 +0000] - "GET https://clm.sonatype.com/user-telemetry/v1/rte/v2/kc?s=AP-YFGMCGUNNIFB-2-1740847117509-65885477&p=AP-YFGMCGUNNIFB-2 HTTP/1.1" 200 0 69 "Nexus/3.77.2-02 (COMMUNITY; Linux; 6.12.5-linuxkit; amd64; 17.0.14)" [qtp685045802-703]
[01/Mar/2025:16:38:39 +0000] - "GET https://clm.sonatype.com/user-telemetry/v1/rte/v2/kc?s=AP-YFGMCGUNNIFB-2-1740847117509-65885477&p=AP-YFGMCGUNNIFB-2 HTTP/1.1" 200 0 79 "Nexus/3.77.2-02 (COMMUNITY; Linux; 6.12.5-linuxkit; amd64; 17.0.14)" [qtp685045802-702]
[01/Mar/2025:16:38:54 +0000] - "GET https://rhc.sonatype.com/rest/component/details/firewall/malicious-risk/enabledRegistries HTTP/1.1" 200 -1 43 "Nexus/3.77.2-02 (COMMUNITY; Linux; 6.12.5-linuxkit; amd64; 17.0.14)" [quartz-10-thread-4]
[01/Mar/2025:16:39:53 +0000] - "GET https://clm.sonatype.com/user-telemetry/v1/rte/v1/configuration/AP-YFGMCGUNNIFB-2?ai=a2e3917a-4f22-4c24-8671-436b74b600a2 HTTP/1.1" 200 2138 204 "Nexus/3.77.2-02 (COMMUNITY; Linux; 6.12.5-linuxkit; amd64; 17.0.14)" [qtp685045802-708]
[01/Mar/2025:16:39:53 +0000] - "GET https://clm.sonatype.com/user-telemetry/v1/rte/v2/kc?s=AP-YFGMCGUNNIFB-2-1740841083804-41447368&p=AP-YFGMCGUNNIFB-2 HTTP/1.1" 200 0 68 "Nexus/3.77.2-02 (COMMUNITY; Linux; 6.12.5-linuxkit; amd64; 17.0.14)" [qtp685045802-121]
[01/Mar/2025:16:40:02 +0000] - "GET https://clm.sonatype.com/user-telemetry/v1/rte/api/v1/feature/client?p=AP-YFGMCGUNNIFB-2&sv=0.53.0&v=AP-YFGMCGUNNIFB-2-1740841083805-24681174&ai=6b933aba-006b-4c12-b4b5-a0ddc2adfcf4&vt=2&s=AP-YFGMCGUNNIFB-2-1740841083804-41447368&wsv=0.53.0&cb=1740847202121-2673 HTTP/1.1" 200 40845 81 "Nexus/3.77.2-02 (COMMUNITY; Linux; 6.12.5-linuxkit; amd64; 17.0.14)" [qtp685045802-121]
[01/Mar/2025:16:43:34 +0000] - "GET https://clm.sonatype.com/user-telemetry/v1/rte/api/v1/feature/client?p=AP-YFGMCGUNNIFB-2&sv=0.53.0&v=AP-YFGMCGUNNIFB-2-1740847117509-89632924&vt=2&ai=a2e3917a-4f22-4c24-8671-436b74b600a2&s=AP-YFGMCGUNNIFB-2-1740847117509-65885477&wsv=0.53.0&cb=1740847414212-9142 HTTP/1.1" 200 40845 195 "Nexus/3.77.2-02 (COMMUNITY; Linux; 6.12.5-linuxkit; amd64; 17.0.14)" [qtp685045802-121]
[01/Mar/2025:16:45:07 +0000] - "GET https://rhc.sonatype.com/rest/rhc/scan/71feedfe-44e2be69-535706dd-96db354e-f16d3294/nuget.org-proxy?timestamp=2025-03-01_16%3A45%3A06 HTTP/1.1" 200 65 669 "Nexus/3.77.2-02 (COMMUNITY; Linux; 6.12.5-linuxkit; amd64; 17.0.14)" [quartz-10-thread-3]
[01/Mar/2025:16:45:08 +0000] - "GET https://rhc.sonatype.com/rest/rhc/scan/71feedfe-44e2be69-535706dd-96db354e-f16d3294/maven-central?timestamp=2025-03-01_16%3A45%3A07 HTTP/1.1" 200 65 81 "Nexus/3.77.2-02 (COMMUNITY; Linux; 6.12.5-linuxkit; amd64; 17.0.14)" [quartz-10-thread-2]
[01/Mar/2025:16:45:13 +0000] - "GET https://rhc.sonatype.com/rest/rhc/extras/maliciousContent/71feedfe-44e2be69-535706dd-96db354e-f16d3294 HTTP/1.1" 200 39 330 "Nexus/3.77.2-02 (COMMUNITY; Linux; 6.12.5-linuxkit; amd64; 17.0.14)" [qtp1552321143-123]
[01/Mar/2025:16:45:13 +0000] - "GET https://rhc.sonatype.com/rest/rhc/extras/maliciousContent/71feedfe-44e2be69-535706dd-96db354e-f16d3294 HTTP/1.1" 200 39 330 "Nexus/3.77.2-02 (COMMUNITY; Linux; 6.12.5-linuxkit; amd64; 17.0.14)" [qtp1552321143-707]
[01/Mar/2025:16:45:14 +0000] - "GET https://clm.sonatype.com/user-telemetry/v1/rte/v1/configuration/AP-YFGMCGUNNIFB-2?ai=a2e3917a-4f22-4c24-8671-436b74b600a2 HTTP/1.1" 200 2138 172 "Nexus/3.77.2-02 (COMMUNITY; Linux; 6.12.5-linuxkit; amd64; 17.0.14)" [qtp1552321143-123]
[01/Mar/2025:16:45:14 +0000] - "GET https://clm.sonatype.com/user-telemetry/v1/rte/api/v1/feature/client?p=AP-YFGMCGUNNIFB-2&sv=0.53.0&v=AP-YFGMCGUNNIFB-2-1740847117509-89632924&vt=2&ai=a2e3917a-4f22-4c24-8671-436b74b600a2&s=AP-YFGMCGUNNIFB-2-1740847117509-65885477&wsv=0.53.0&cb=1740847514882-4324 HTTP/1.1" 200 40845 101 "Nexus/3.77.2-02 (COMMUNITY; Linux; 6.12.5-linuxkit; amd64; 17.0.14)" [qtp1552321143-714]
[01/Mar/2025:16:45:15 +0000] - "GET https://clm.sonatype.com/user-telemetry/v1/rte/v2/kc?s=AP-YFGMCGUNNIFB-2-1740847117509-65885477&p=AP-YFGMCGUNNIFB-2 HTTP/1.1" 200 0 194 "Nexus/3.77.2-02 (COMMUNITY; Linux; 6.12.5-linuxkit; amd64; 17.0.14)" [qtp1552321143-123]
[01/Mar/2025:16:45:15 +0000] - "GET https://clm.sonatype.com/user-telemetry/v1/style.css?a=AP-YFGMCGUNNIFB-2 HTTP/1.1" 200 52896 228 "Nexus/3.77.2-02 (COMMUNITY; Linux; 6.12.5-linuxkit; amd64; 17.0.14)" [qtp1552321143-710]
[01/Mar/2025:16:45:15 +0000] - "POST https://clm.sonatype.com/user-telemetry/v1/rte/v2/command?p=AP-YFGMCGUNNIFB-2&et=identify HTTP/1.1" 200 69 247 "Nexus/3.77.2-02 (COMMUNITY; Linux; 6.12.5-linuxkit; amd64; 17.0.14)" [qtp1552321143-711]
[01/Mar/2025:16:45:15 +0000] - "GET https://clm.sonatype.com/user-telemetry/v1/rte/v2/kc?s=AP-YFGMCGUNNIFB-2-1740847515156-52316243&p=AP-YFGMCGUNNIFB-2 HTTP/1.1" 200 0 128 "Nexus/3.77.2-02 (COMMUNITY; Linux; 6.12.5-linuxkit; amd64; 17.0.14)" [qtp1552321143-715]
[01/Mar/2025:16:45:17 +0000] - "GET https://clm.sonatype.com/user-telemetry/v1/rte/v2/kc?s=AP-YFGMCGUNNIFB-2-1740847515156-52316243&p=AP-YFGMCGUNNIFB-2 HTTP/1.1" 200 0 124 "Nexus/3.77.2-02 (COMMUNITY; Linux; 6.12.5-linuxkit; amd64; 17.0.14)" [qtp1552321143-711]
[01/Mar/2025:16:45:17 +0000] - "POST https://clm.sonatype.com/user-telemetry/v1/rte/v2/command?p=AP-YFGMCGUNNIFB-2&et=identify HTTP/1.1" 200 69 133 "Nexus/3.77.2-02 (COMMUNITY; Linux; 6.12.5-linuxkit; amd64; 17.0.14)" [qtp1552321143-712]
[01/Mar/2025:16:45:18 +0000] - "GET https://clm.sonatype.com/user-telemetry/v1/rte/v2/kc?s=AP-YFGMCGUNNIFB-2-1740847517753-41887782&p=AP-YFGMCGUNNIFB-2 HTTP/1.1" 200 0 214 "Nexus/3.77.2-02 (COMMUNITY; Linux; 6.12.5-linuxkit; amd64; 17.0.14)" [qtp1552321143-715]
[01/Mar/2025:16:45:20 +0000] - "GET https://clm.sonatype.com/user-telemetry/v1/rte/v2/kc?s=AP-YFGMCGUNNIFB-2-1740847517753-41887782&p=AP-YFGMCGUNNIFB-2 HTTP/1.1" 200 0 202 "Nexus/3.77.2-02 (COMMUNITY; Linux; 6.12.5-linuxkit; amd64; 17.0.14)" [qtp1552321143-123]
[01/Mar/2025:16:45:31 +0000] - "GET https://rhc.sonatype.com/rest/component/details/firewall/malicious-risk/enabledRegistries HTTP/1.1" 200 -1 54 "Nexus/3.77.2-02 (COMMUNITY; Linux; 6.12.5-linuxkit; amd64; 17.0.14)" [quartz-10-thread-4]
[01/Mar/2025:16:49:48 +0000] - "GET https://rhc.sonatype.com/rest/rhc/scan/71feedfe-44e2be69-535706dd-96db354e-f16d3294/nuget.org-proxy?timestamp=2025-03-01_16%3A49%3A47 HTTP/1.1" 200 65 617 "Nexus/3.77.2-02 (COMMUNITY; Linux; 6.12.5-linuxkit; amd64; 17.0.14)" [quartz-10-thread-3]
[01/Mar/2025:16:49:48 +0000] - "GET https://rhc.sonatype.com/rest/rhc/extras/maliciousContent/71feedfe-44e2be69-535706dd-96db354e-f16d3294 HTTP/1.1" 200 39 663 "Nexus/3.77.2-02 (COMMUNITY; Linux; 6.12.5-linuxkit; amd64; 17.0.14)" [qtp1359578436-118]
[01/Mar/2025:16:49:48 +0000] - "GET https://rhc.sonatype.com/rest/rhc/scan/71feedfe-44e2be69-535706dd-96db354e-f16d3294/maven-central?timestamp=2025-03-01_16%3A49%3A48 HTTP/1.1" 200 65 353 "Nexus/3.77.2-02 (COMMUNITY; Linux; 6.12.5-linuxkit; amd64; 17.0.14)" [quartz-10-thread-2]
[01/Mar/2025:16:49:49 +0000] - "GET https://clm.sonatype.com/user-telemetry/v1/rte/v1/configuration/AP-YFGMCGUNNIFB-2?ai=a2e3917a-4f22-4c24-8671-436b74b600a2 HTTP/1.1" 200 2138 232 "Nexus/3.77.2-02 (COMMUNITY; Linux; 6.12.5-linuxkit; amd64; 17.0.14)" [qtp1359578436-694]
[01/Mar/2025:16:49:49 +0000] - "GET https://clm.sonatype.com/user-telemetry/v1/rte/api/v1/feature/client?p=AP-YFGMCGUNNIFB-2&sv=0.53.0&v=AP-YFGMCGUNNIFB-2-1740847517753-54281148&vt=2&ai=a2e3917a-4f22-4c24-8671-436b74b600a2&s=AP-YFGMCGUNNIFB-2-1740847517753-41887782&wsv=0.53.0&cb=1740847789581-6336 HTTP/1.1" 200 40845 193 "Nexus/3.77.2-02 (COMMUNITY; Linux; 6.12.5-linuxkit; amd64; 17.0.14)" [qtp1359578436-693]
[01/Mar/2025:16:49:49 +0000] - "GET https://clm.sonatype.com/user-telemetry/v1/style.css?a=AP-YFGMCGUNNIFB-2 HTTP/1.1" 200 52896 197 "Nexus/3.77.2-02 (COMMUNITY; Linux; 6.12.5-linuxkit; amd64; 17.0.14)" [qtp1359578436-695]
[01/Mar/2025:16:49:49 +0000] - "GET https://clm.sonatype.com/user-telemetry/v1/rte/v2/kc?s=AP-YFGMCGUNNIFB-2-1740847517753-41887782&p=AP-YFGMCGUNNIFB-2 HTTP/1.1" 200 0 246 "Nexus/3.77.2-02 (COMMUNITY; Linux; 6.12.5-linuxkit; amd64; 17.0.14)" [qtp1359578436-698]
[01/Mar/2025:16:49:49 +0000] - "POST https://clm.sonatype.com/user-telemetry/v1/rte/v2/command?p=AP-YFGMCGUNNIFB-2&et=identify HTTP/1.1" 200 69 250 "Nexus/3.77.2-02 (COMMUNITY; Linux; 6.12.5-linuxkit; amd64; 17.0.14)" [qtp1359578436-122]
[01/Mar/2025:16:49:50 +0000] - "GET https://clm.sonatype.com/user-telemetry/v1/rte/v2/kc?s=AP-YFGMCGUNNIFB-2-1740847789869-47626434&p=AP-YFGMCGUNNIFB-2 HTTP/1.1" 200 0 125 "Nexus/3.77.2-02 (COMMUNITY; Linux; 6.12.5-linuxkit; amd64; 17.0.14)" [qtp1359578436-694]
[01/Mar/2025:16:49:52 +0000] - "POST https://clm.sonatype.com/user-telemetry/v1/rte/v2/command?p=AP-YFGMCGUNNIFB-2&et=identify HTTP/1.1" 200 69 140 "Nexus/3.77.2-02 (COMMUNITY; Linux; 6.12.5-linuxkit; amd64; 17.0.14)" [qtp1359578436-695]
[01/Mar/2025:16:49:52 +0000] - "GET https://clm.sonatype.com/user-telemetry/v1/rte/v2/kc?s=AP-YFGMCGUNNIFB-2-1740847789869-47626434&p=AP-YFGMCGUNNIFB-2 HTTP/1.1" 200 0 153 "Nexus/3.77.2-02 (COMMUNITY; Linux; 6.12.5-linuxkit; amd64; 17.0.14)" [qtp1359578436-120]
[01/Mar/2025:16:49:52 +0000] - "GET https://clm.sonatype.com/user-telemetry/v1/rte/v2/kc?s=AP-YFGMCGUNNIFB-2-1740847792101-94448435&p=AP-YFGMCGUNNIFB-2 HTTP/1.1" 200 0 129 "Nexus/3.77.2-02 (COMMUNITY; Linux; 6.12.5-linuxkit; amd64; 17.0.14)" [qtp1359578436-694]
[01/Mar/2025:16:49:53 +0000] - "GET https://clm.sonatype.com/user-telemetry/v1/rte/v1/configuration/AP-YFGMCGUNNIFB-2?ai=a2e3917a-4f22-4c24-8671-436b74b600a2 HTTP/1.1" 200 2138 128 "Nexus/3.77.2-02 (COMMUNITY; Linux; 6.12.5-linuxkit; amd64; 17.0.14)" [qtp1359578436-122]
[01/Mar/2025:16:49:53 +0000] - "GET https://clm.sonatype.com/user-telemetry/v1/rte/v2/kc?s=AP-YFGMCGUNNIFB-2-1740841083804-41447368&p=AP-YFGMCGUNNIFB-2 HTTP/1.1" 200 0 120 "Nexus/3.77.2-02 (COMMUNITY; Linux; 6.12.5-linuxkit; amd64; 17.0.14)" [qtp1359578436-694]
[01/Mar/2025:16:49:54 +0000] - "GET https://clm.sonatype.com/user-telemetry/v1/rte/v2/kc?s=AP-YFGMCGUNNIFB-2-1740847792101-94448435&p=AP-YFGMCGUNNIFB-2 HTTP/1.1" 200 0 209 "Nexus/3.77.2-02 (COMMUNITY; Linux; 6.12.5-linuxkit; amd64; 17.0.14)" [qtp1359578436-694]
[01/Mar/2025:16:50:02 +0000] - "GET https://clm.sonatype.com/user-telemetry/v1/rte/api/v1/feature/client?p=AP-YFGMCGUNNIFB-2&sv=0.53.0&v=AP-YFGMCGUNNIFB-2-1740841083805-24681174&ai=6b933aba-006b-4c12-b4b5-a0ddc2adfcf4&vt=2&s=AP-YFGMCGUNNIFB-2-1740841083804-41447368&wsv=0.53.0&cb=1740847802703-5396 HTTP/1.1" 200 40845 72 "Nexus/3.77.2-02 (COMMUNITY; Linux; 6.12.5-linuxkit; amd64; 17.0.14)" [qtp1359578436-694]
[01/Mar/2025:16:50:12 +0000] - "GET https://rhc.sonatype.com/rest/component/details/firewall/malicious-risk/enabledRegistries HTTP/1.1" 200 -1 68 "Nexus/3.77.2-02 (COMMUNITY; Linux; 6.12.5-linuxkit; amd64; 17.0.14)" [quartz-10-thread-4]
[01/Mar/2025:16:56:38 +0000] - "GET https://rhc.sonatype.com/rest/rhc/scan/71feedfe-44e2be69-535706dd-96db354e-f16d3294/maven-central?timestamp=2025-03-01_16%3A56%3A37 HTTP/1.1" 200 65 832 "Nexus/3.77.2-02 (COMMUNITY; Linux; 6.12.5-linuxkit; amd64; 17.0.14)" [quartz-10-thread-2]
[01/Mar/2025:16:56:38 +0000] - "GET https://rhc.sonatype.com/rest/rhc/scan/71feedfe-44e2be69-535706dd-96db354e-f16d3294/nuget.org-proxy?timestamp=2025-03-01_16%3A56%3A38 HTTP/1.1" 200 65 361 "Nexus/3.77.2-02 (COMMUNITY; Linux; 6.12.5-linuxkit; amd64; 17.0.14)" [quartz-10-thread-3]
[01/Mar/2025:16:56:49 +0000] - "GET https://rhc.sonatype.com/rest/rhc/extras/maliciousContent/71feedfe-44e2be69-535706dd-96db354e-f16d3294 HTTP/1.1" 200 39 103 "Nexus/3.77.2-02 (COMMUNITY; Linux; 6.12.5-linuxkit; amd64; 17.0.14)" [qtp1983126684-120]
[01/Mar/2025:16:56:50 +0000] - "GET https://clm.sonatype.com/user-telemetry/v1/rte/v1/configuration/AP-YFGMCGUNNIFB-2?ai=a2e3917a-4f22-4c24-8671-436b74b600a2 HTTP/1.1" 200 2138 240 "Nexus/3.77.2-02 (COMMUNITY; Linux; 6.12.5-linuxkit; amd64; 17.0.14)" [qtp1983126684-124]
[01/Mar/2025:16:56:50 +0000] - "GET https://clm.sonatype.com/user-telemetry/v1/style.css?a=AP-YFGMCGUNNIFB-2 HTTP/1.1" 200 52896 130 "Nexus/3.77.2-02 (COMMUNITY; Linux; 6.12.5-linuxkit; amd64; 17.0.14)" [qtp1983126684-123]
[01/Mar/2025:16:56:51 +0000] - "GET https://clm.sonatype.com/user-telemetry/v1/rte/v2/kc?s=AP-YFGMCGUNNIFB-2-1740847792101-94448435&p=AP-YFGMCGUNNIFB-2 HTTP/1.1" 200 0 155 "Nexus/3.77.2-02 (COMMUNITY; Linux; 6.12.5-linuxkit; amd64; 17.0.14)" [qtp1983126684-117]
[01/Mar/2025:16:56:51 +0000] - "POST https://clm.sonatype.com/user-telemetry/v1/rte/v2/command?p=AP-YFGMCGUNNIFB-2&et=identify HTTP/1.1" 200 69 157 "Nexus/3.77.2-02 (COMMUNITY; Linux; 6.12.5-linuxkit; amd64; 17.0.14)" [qtp1983126684-703]
[01/Mar/2025:16:56:51 +0000] - "GET https://clm.sonatype.com/user-telemetry/v1/rte/api/v1/feature/client?p=AP-YFGMCGUNNIFB-2&sv=0.53.0&v=AP-YFGMCGUNNIFB-2-1740847792101-62981866&vt=2&ai=a2e3917a-4f22-4c24-8671-436b74b600a2&s=AP-YFGMCGUNNIFB-2-1740847792101-94448435&wsv=0.53.0&cb=1740848210842-3159 HTTP/1.1" 200 40845 195 "Nexus/3.77.2-02 (COMMUNITY; Linux; 6.12.5-linuxkit; amd64; 17.0.14)" [qtp1983126684-706]
[01/Mar/2025:16:56:51 +0000] - "GET https://clm.sonatype.com/user-telemetry/v1/rte/v2/kc?s=AP-YFGMCGUNNIFB-2-1740848211032-74343614&p=AP-YFGMCGUNNIFB-2 HTTP/1.1" 200 0 66 "Nexus/3.77.2-02 (COMMUNITY; Linux; 6.12.5-linuxkit; amd64; 17.0.14)" [qtp1983126684-124]
[01/Mar/2025:16:56:53 +0000] - "GET https://clm.sonatype.com/user-telemetry/v1/rte/v2/kc?s=AP-YFGMCGUNNIFB-2-1740848211032-74343614&p=AP-YFGMCGUNNIFB-2 HTTP/1.1" 200 0 68 "Nexus/3.77.2-02 (COMMUNITY; Linux; 6.12.5-linuxkit; amd64; 17.0.14)" [qtp1983126684-706]
[01/Mar/2025:16:56:54 +0000] - "POST https://clm.sonatype.com/user-telemetry/v1/rte/v2/command?p=AP-YFGMCGUNNIFB-2&et=identify HTTP/1.1" 200 69 62 "Nexus/3.77.2-02 (COMMUNITY; Linux; 6.12.5-linuxkit; amd64; 17.0.14)" [qtp1983126684-119]
[01/Mar/2025:16:56:54 +0000] - "GET https://clm.sonatype.com/user-telemetry/v1/rte/v2/kc?s=AP-YFGMCGUNNIFB-2-1740848214129-78462616&p=AP-YFGMCGUNNIFB-2 HTTP/1.1" 200 0 77 "Nexus/3.77.2-02 (COMMUNITY; Linux; 6.12.5-linuxkit; amd64; 17.0.14)" [qtp1983126684-706]
[01/Mar/2025:16:56:56 +0000] - "GET https://clm.sonatype.com/user-telemetry/v1/rte/v2/kc?s=AP-YFGMCGUNNIFB-2-1740848214129-78462616&p=AP-YFGMCGUNNIFB-2 HTTP/1.1" 200 0 71 "Nexus/3.77.2-02 (COMMUNITY; Linux; 6.12.5-linuxkit; amd64; 17.0.14)" [qtp1983126684-124]
[01/Mar/2025:16:57:02 +0000] - "GET https://rhc.sonatype.com/rest/component/details/firewall/malicious-risk/enabledRegistries HTTP/1.1" 200 -1 33 "Nexus/3.77.2-02 (COMMUNITY; Linux; 6.12.5-linuxkit; amd64; 17.0.14)" [quartz-10-thread-4]
[01/Mar/2025:17:05:13 +0000] - "GET https://rhc.sonatype.com/rest/rhc/scan/71feedfe-44e2be69-535706dd-96db354e-f16d3294/maven-central?timestamp=2025-03-01_17%3A05%3A12 HTTP/1.1" 200 65 808 "Nexus/3.77.2-02 (COMMUNITY; Linux; 6.12.5-linuxkit; amd64; 17.0.14)" [quartz-10-thread-4]
[01/Mar/2025:17:05:14 +0000] - "GET https://rhc.sonatype.com/rest/rhc/scan/71feedfe-44e2be69-535706dd-96db354e-f16d3294/nuget.org-proxy?timestamp=2025-03-01_17%3A05%3A13 HTTP/1.1" 200 65 355 "Nexus/3.77.2-02 (COMMUNITY; Linux; 6.12.5-linuxkit; amd64; 17.0.14)" [quartz-10-thread-5]
[01/Mar/2025:17:05:37 +0000] - "GET https://rhc.sonatype.com/rest/component/details/firewall/malicious-risk/enabledRegistries HTTP/1.1" 200 -1 38 "Nexus/3.77.2-02 (COMMUNITY; Linux; 6.12.5-linuxkit; amd64; 17.0.14)" [quartz-10-thread-6]
[01/Mar/2025:17:08:05 +0000] - "GET https://rhc.sonatype.com/rest/rhc/scan/71feedfe-44e2be69-535706dd-96db354e-f16d3294/maven-central?timestamp=2025-03-01_17%3A08%3A04 HTTP/1.1" 200 65 643 "Nexus/3.77.2-02 (COMMUNITY; Linux; 6.12.5-linuxkit; amd64; 17.0.14)" [quartz-10-thread-2]
[01/Mar/2025:17:08:05 +0000] - "GET https://rhc.sonatype.com/rest/rhc/extras/maliciousContent/71feedfe-44e2be69-535706dd-96db354e-f16d3294 HTTP/1.1" 200 39 503 "Nexus/3.77.2-02 (COMMUNITY; Linux; 6.12.5-linuxkit; amd64; 17.0.14)" [qtp533675837-122]
[01/Mar/2025:17:08:06 +0000] - "GET https://rhc.sonatype.com/rest/rhc/scan/71feedfe-44e2be69-535706dd-96db354e-f16d3294/nuget.org-proxy?timestamp=2025-03-01_17%3A08%3A06 HTTP/1.1" 200 65 65 "Nexus/3.77.2-02 (COMMUNITY; Linux; 6.12.5-linuxkit; amd64; 17.0.14)" [quartz-10-thread-3]
[01/Mar/2025:17:08:13 +0000] - "GET https://clm.sonatype.com/user-telemetry/v1/rte/v1/configuration/AP-YFGMCGUNNIFB-2?ai=a2e3917a-4f22-4c24-8671-436b74b600a2 HTTP/1.1" 200 2138 185 "Nexus/3.77.2-02 (COMMUNITY; Linux; 6.12.5-linuxkit; amd64; 17.0.14)" [qtp533675837-123]
[01/Mar/2025:17:08:13 +0000] - "GET https://clm.sonatype.com/user-telemetry/v1/rte/v2/kc?s=AP-YFGMCGUNNIFB-2-1740848214129-78462616&p=AP-YFGMCGUNNIFB-2 HTTP/1.1" 200 0 73 "Nexus/3.77.2-02 (COMMUNITY; Linux; 6.12.5-linuxkit; amd64; 17.0.14)" [qtp533675837-116]
[01/Mar/2025:17:08:13 +0000] - "POST https://clm.sonatype.com/user-telemetry/v1/rte/v2/command?p=AP-YFGMCGUNNIFB-2&et=identify HTTP/1.1" 200 69 160 "Nexus/3.77.2-02 (COMMUNITY; Linux; 6.12.5-linuxkit; amd64; 17.0.14)" [qtp533675837-713]
[01/Mar/2025:17:08:13 +0000] - "GET https://clm.sonatype.com/user-telemetry/v1/rte/api/v1/feature/client?p=AP-YFGMCGUNNIFB-2&sv=0.53.0&v=AP-YFGMCGUNNIFB-2-1740848214129-44318953&vt=2&ai=a2e3917a-4f22-4c24-8671-436b74b600a2&s=AP-YFGMCGUNNIFB-2-1740848214129-78462616&wsv=0.53.0&cb=1740848893310-8549 HTTP/1.1" 200 40845 160 "Nexus/3.77.2-02 (COMMUNITY; Linux; 6.12.5-linuxkit; amd64; 17.0.14)" [qtp533675837-119]
[01/Mar/2025:17:08:13 +0000] - "GET https://clm.sonatype.com/user-telemetry/v1/style.css?a=AP-YFGMCGUNNIFB-2 HTTP/1.1" 200 52896 216 "Nexus/3.77.2-02 (COMMUNITY; Linux; 6.12.5-linuxkit; amd64; 17.0.14)" [qtp533675837-714]
[01/Mar/2025:17:08:14 +0000] - "GET https://clm.sonatype.com/user-telemetry/v1/rte/v2/kc?s=AP-YFGMCGUNNIFB-2-1740848893500-75326897&p=AP-YFGMCGUNNIFB-2 HTTP/1.1" 200 0 79 "Nexus/3.77.2-02 (COMMUNITY; Linux; 6.12.5-linuxkit; amd64; 17.0.14)" [qtp533675837-123]
[01/Mar/2025:17:08:15 +0000] - "GET https://clm.sonatype.com/user-telemetry/v1/rte/v2/kc?s=AP-YFGMCGUNNIFB-2-1740848893500-75326897&p=AP-YFGMCGUNNIFB-2 HTTP/1.1" 200 0 58 "Nexus/3.77.2-02 (COMMUNITY; Linux; 6.12.5-linuxkit; amd64; 17.0.14)" [qtp533675837-714]
[01/Mar/2025:17:08:15 +0000] - "POST https://clm.sonatype.com/user-telemetry/v1/rte/v2/command?p=AP-YFGMCGUNNIFB-2&et=identify HTTP/1.1" 200 69 64 "Nexus/3.77.2-02 (COMMUNITY; Linux; 6.12.5-linuxkit; amd64; 17.0.14)" [qtp533675837-117]
[01/Mar/2025:17:08:16 +0000] - "GET https://clm.sonatype.com/user-telemetry/v1/rte/v2/kc?s=AP-YFGMCGUNNIFB-2-1740848895982-66576431&p=AP-YFGMCGUNNIFB-2 HTTP/1.1" 200 0 81 "Nexus/3.77.2-02 (COMMUNITY; Linux; 6.12.5-linuxkit; amd64; 17.0.14)" [qtp533675837-117]
[01/Mar/2025:17:08:18 +0000] - "GET https://clm.sonatype.com/user-telemetry/v1/rte/v2/kc?s=AP-YFGMCGUNNIFB-2-1740848895982-66576431&p=AP-YFGMCGUNNIFB-2 HTTP/1.1" 200 0 204 "Nexus/3.77.2-02 (COMMUNITY; Linux; 6.12.5-linuxkit; amd64; 17.0.14)" [qtp533675837-123]
[01/Mar/2025:17:08:29 +0000] - "GET https://rhc.sonatype.com/rest/component/details/firewall/malicious-risk/enabledRegistries HTTP/1.1" 200 -1 39 "Nexus/3.77.2-02 (COMMUNITY; Linux; 6.12.5-linuxkit; amd64; 17.0.14)" [quartz-10-thread-4]
[01/Mar/2025:17:09:54 +0000] - "GET https://clm.sonatype.com/user-telemetry/v1/rte/v1/configuration/AP-YFGMCGUNNIFB-2?ai=a2e3917a-4f22-4c24-8671-436b74b600a2 HTTP/1.1" 200 2138 279 "Nexus/3.77.2-02 (COMMUNITY; Linux; 6.12.5-linuxkit; amd64; 17.0.14)" [qtp533675837-714]
[01/Mar/2025:17:09:54 +0000] - "GET https://clm.sonatype.com/user-telemetry/v1/rte/v2/kc?s=AP-YFGMCGUNNIFB-2-1740841083804-41447368&p=AP-YFGMCGUNNIFB-2 HTTP/1.1" 200 0 121 "Nexus/3.77.2-02 (COMMUNITY; Linux; 6.12.5-linuxkit; amd64; 17.0.14)" [qtp533675837-123]
[01/Mar/2025:17:10:04 +0000] - "GET https://clm.sonatype.com/user-telemetry/v1/rte/api/v1/feature/client?p=AP-YFGMCGUNNIFB-2&sv=0.53.0&v=AP-YFGMCGUNNIFB-2-1740841083805-24681174&ai=6b933aba-006b-4c12-b4b5-a0ddc2adfcf4&vt=2&s=AP-YFGMCGUNNIFB-2-1740841083804-41447368&wsv=0.53.0&cb=1740849004630-6771 HTTP/1.1" 200 40845 188 "Nexus/3.77.2-02 (COMMUNITY; Linux; 6.12.5-linuxkit; amd64; 17.0.14)" [qtp533675837-714]
[01/Mar/2025:17:13:13 +0000] - "GET https://clm.sonatype.com/user-telemetry/v1/rte/api/v1/feature/client?p=AP-YFGMCGUNNIFB-2&sv=0.53.0&v=AP-YFGMCGUNNIFB-2-1740848895982-41867834&vt=2&ai=a2e3917a-4f22-4c24-8671-436b74b600a2&s=AP-YFGMCGUNNIFB-2-1740848895982-66576431&wsv=0.53.0&cb=1740849193318-7779 HTTP/1.1" 200 40845 206 "Nexus/3.77.2-02 (COMMUNITY; Linux; 6.12.5-linuxkit; amd64; 17.0.14)" [qtp533675837-718]
[01/Mar/2025:17:15:05 +0000] - "GET https://clm.sonatype.com/user-telemetry/v1/rte/api/v1/feature/client?p=AP-YFGMCGUNNIFB-2&sv=0.53.0&v=AP-YFGMCGUNNIFB-2-1740841083805-24681174&ai=6b933aba-006b-4c12-b4b5-a0ddc2adfcf4&vt=2&s=AP-YFGMCGUNNIFB-2-1740841083804-41447368&wsv=0.53.0&cb=1740849305351-2269 HTTP/1.1" 200 40845 306 "Nexus/3.77.2-02 (COMMUNITY; Linux; 6.12.5-linuxkit; amd64; 17.0.14)" [qtp533675837-718]
[01/Mar/2025:17:18:14 +0000] - "GET https://clm.sonatype.com/user-telemetry/v1/rte/api/v1/feature/client?p=AP-YFGMCGUNNIFB-2&sv=0.53.0&v=AP-YFGMCGUNNIFB-2-1740848895982-41867834&vt=2&ai=a2e3917a-4f22-4c24-8671-436b74b600a2&s=AP-YFGMCGUNNIFB-2-1740848895982-66576431&wsv=0.53.0&cb=1740849493281-4959 HTTP/1.1" 200 40845 1125 "Nexus/3.77.2-02 (COMMUNITY; Linux; 6.12.5-linuxkit; amd64; 17.0.14)" [qtp533675837-117]
[01/Mar/2025:17:18:14 +0000] - "GET https://clm.sonatype.com/user-telemetry/v1/rte/v1/configuration/AP-YFGMCGUNNIFB-2?ai=a2e3917a-4f22-4c24-8671-436b74b600a2 HTTP/1.1" 200 2138 1339 "Nexus/3.77.2-02 (COMMUNITY; Linux; 6.12.5-linuxkit; amd64; 17.0.14)" [qtp533675837-715]
[01/Mar/2025:17:18:14 +0000] - "GET https://clm.sonatype.com/user-telemetry/v1/rte/v2/kc?s=AP-YFGMCGUNNIFB-2-1740848895982-66576431&p=AP-YFGMCGUNNIFB-2 HTTP/1.1" 200 0 126 "Nexus/3.77.2-02 (COMMUNITY; Linux; 6.12.5-linuxkit; amd64; 17.0.14)" [qtp533675837-123]
[01/Mar/2025:17:19:55 +0000] - "GET https://clm.sonatype.com/user-telemetry/v1/rte/v1/configuration/AP-YFGMCGUNNIFB-2?ai=a2e3917a-4f22-4c24-8671-436b74b600a2 HTTP/1.1" 200 2138 183 "Nexus/3.77.2-02 (COMMUNITY; Linux; 6.12.5-linuxkit; amd64; 17.0.14)" [qtp533675837-123]
[01/Mar/2025:17:19:55 +0000] - "GET https://clm.sonatype.com/user-telemetry/v1/rte/v2/kc?s=AP-YFGMCGUNNIFB-2-1740841083804-41447368&p=AP-YFGMCGUNNIFB-2 HTTP/1.1" 200 0 86 "Nexus/3.77.2-02 (COMMUNITY; Linux; 6.12.5-linuxkit; amd64; 17.0.14)" [qtp533675837-748]
[01/Mar/2025:17:20:06 +0000] - "GET https://clm.sonatype.com/user-telemetry/v1/rte/api/v1/feature/client?p=AP-YFGMCGUNNIFB-2&sv=0.53.0&v=AP-YFGMCGUNNIFB-2-1740841083805-24681174&ai=6b933aba-006b-4c12-b4b5-a0ddc2adfcf4&vt=2&s=AP-YFGMCGUNNIFB-2-1740841083804-41447368&wsv=0.53.0&cb=1740849605969-8985 HTTP/1.1" 200 40845 73 "Nexus/3.77.2-02 (COMMUNITY; Linux; 6.12.5-linuxkit; amd64; 17.0.14)" [qtp533675837-120]
[01/Mar/2025:17:23:13 +0000] - "GET https://clm.sonatype.com/user-telemetry/v1/rte/api/v1/feature/client?p=AP-YFGMCGUNNIFB-2&sv=0.53.0&v=AP-YFGMCGUNNIFB-2-1740848895982-41867834&vt=2&ai=a2e3917a-4f22-4c24-8671-436b74b600a2&s=AP-YFGMCGUNNIFB-2-1740848895982-66576431&wsv=0.53.0&cb=1740849793282-8967 HTTP/1.1" 200 40845 255 "Nexus/3.77.2-02 (COMMUNITY; Linux; 6.12.5-linuxkit; amd64; 17.0.14)" [qtp533675837-718]
[01/Mar/2025:17:25:07 +0000] - "GET https://clm.sonatype.com/user-telemetry/v1/rte/api/v1/feature/client?p=AP-YFGMCGUNNIFB-2&sv=0.53.0&v=AP-YFGMCGUNNIFB-2-1740841083805-24681174&ai=6b933aba-006b-4c12-b4b5-a0ddc2adfcf4&vt=2&s=AP-YFGMCGUNNIFB-2-1740841083804-41447368&wsv=0.53.0&cb=1740849906849-1922 HTTP/1.1" 200 40845 193 "Nexus/3.77.2-02 (COMMUNITY; Linux; 6.12.5-linuxkit; amd64; 17.0.14)" [qtp533675837-122]
